#
# There is insufficient memory for the Java Runtime Environment to continue.
# Native memory allocation (mmap) failed to map 357564416 bytes for committing reserved memory.
# Possible reasons:
#   The system is out of physical RAM or swap space
#   In 32 bit mode, the process size limit was hit
# Possible solutions:
#   Reduce memory load on the system
#   Increase physical memory or swap space
#   Check if swap backing store is full
#   Use 64 bit Java on a 64 bit OS
#   Decrease Java heap size (-Xmx/-Xms)
#   Decrease number of Java threads
#   Decrease Java thread stack sizes (-Xss)
#   Set larger code cache with -XX:ReservedCodeCacheSize=
# This output file may be truncated or incomplete.
#
#  Out of Memory Error (os_linux.cpp:2643), pid=5925, tid=0x00007f3d0e2e3700
#
# JRE version:  (8.0_151-b12) (build )
# Java VM: OpenJDK 64-Bit Server VM (25.151-b12 mixed mode linux-amd64 compressed oops)
# Failed to write core dump. Core dumps have been disabled. To enable core dumping, try "ulimit -c unlimited" before starting Java again
#

---------------  T H R E A D  ---------------

Current thread (0x00007f3d0400a000):  JavaThread "Unknown thread" [_thread_in_vm, id=5926, stack(0x00007f3d0e1e3000,0x00007f3d0e2e4000)]

Stack: [0x00007f3d0e1e3000,0x00007f3d0e2e4000],  sp=0x00007f3d0e2e2640,  free space=1021k
Native frames: (J=compiled Java code, j=interpreted, Vv=VM code, C=native code)
V  [libjvm.so+0xa684eb]
V  [libjvm.so+0x4c579c]
V  [libjvm.so+0x8b6b50]
V  [libjvm.so+0x8b0fce]
V  [libjvm.so+0x92b806]
V  [libjvm.so+0x92d81d]
V  [libjvm.so+0x2af1e7]
V  [libjvm.so+0x8dbe59]
V  [libjvm.so+0xa2bac9]
V  [libjvm.so+0xa2bd12]
V  [libjvm.so+0x60f73f]
V  [libjvm.so+0xa1107a]
V  [libjvm.so+0x6898b2]  JNI_CreateJavaVM+0x62
C  [libjli.so+0x2f2e]
C  [libjli.so+0x73dd]
C  [libpthread.so.0+0x76ba]  start_thread+0xca


---------------  P R O C E S S  ---------------

Java Threads: ( => current thread )

Other Threads:

=>0x00007f3d0400a000 (exited) JavaThread "Unknown thread" [_thread_in_vm, id=5926, stack(0x00007f3d0e1e3000,0x00007f3d0e2e4000)]

VM state:not at safepoint (not fully initialized)

VM Mutex/Monitor currently owned by a thread: None

GC Heap History (0 events):
No events

Deoptimization events (0 events):
No events

Internal exceptions (0 events):
No events

Events (0 events):
No events


Dynamic libraries:
00400000-00401000 r-xp 00000000 08:05 12329922                           /usr/lib/jvm/java-8-openjdk-amd64/jre/bin/java
00600000-00601000 r--p 00000000 08:05 12329922                           /usr/lib/jvm/java-8-openjdk-amd64/jre/bin/java
00601000-00602000 rw-p 00001000 08:05 12329922                           /usr/lib/jvm/java-8-openjdk-amd64/jre/bin/java
020fc000-0211d000 rw-p 00000000 00:00 0                                  [heap]
c0000000-eab00000 ---p 00000000 00:00 0 
7f3cfc000000-7f3cfc270000 rwxp 00000000 00:00 0 
7f3cfc270000-7f3d04000000 ---p 00000000 00:00 0 
7f3d04000000-7f3d04030000 rw-p 00000000 00:00 0 
7f3d04030000-7f3d08000000 ---p 00000000 00:00 0 
7f3d0a85d000-7f3d0aa5d000 ---p 00000000 00:00 0 
7f3d0aa5d000-7f3d0aa68000 rw-p 00000000 00:00 0 
7f3d0aa68000-7f3d0ac5e000 ---p 00000000 00:00 0 
7f3d0ac5e000-7f3d0ac66000 r-xp 00000000 08:05 12197799                   /usr/lib/jvm/java-8-openjdk-amd64/jre/lib/amd64/libzip.so
7f3d0ac66000-7f3d0ae65000 ---p 00008000 08:05 12197799                   /usr/lib/jvm/java-8-openjdk-amd64/jre/lib/amd64/libzip.so
7f3d0ae65000-7f3d0ae66000 r--p 00007000 08:05 12197799                   /usr/lib/jvm/java-8-openjdk-amd64/jre/lib/amd64/libzip.so
7f3d0ae66000-7f3d0ae67000 rw-p 00008000 08:05 12197799                   /usr/lib/jvm/java-8-openjdk-amd64/jre/lib/amd64/libzip.so
7f3d0ae67000-7f3d0ae72000 r-xp 00000000 08:05 9175609                    /lib/x86_64-linux-gnu/libnss_files-2.23.so
7f3d0ae72000-7f3d0b071000 ---p 0000b000 08:05 9175609                    /lib/x86_64-linux-gnu/libnss_files-2.23.so
7f3d0b071000-7f3d0b072000 r--p 0000a000 08:05 9175609                    /lib/x86_64-linux-gnu/libnss_files-2.23.so
7f3d0b072000-7f3d0b073000 rw-p 0000b000 08:05 9175609                    /lib/x86_64-linux-gnu/libnss_files-2.23.so
7f3d0b073000-7f3d0b079000 rw-p 00000000 00:00 0 
7f3d0b079000-7f3d0b084000 r-xp 00000000 08:05 9175612                    /lib/x86_64-linux-gnu/libnss_nis-2.23.so
7f3d0b084000-7f3d0b283000 ---p 0000b000 08:05 9175612                    /lib/x86_64-linux-gnu/libnss_nis-2.23.so
7f3d0b283000-7f3d0b284000 r--p 0000a000 08:05 9175612                    /lib/x86_64-linux-gnu/libnss_nis-2.23.so
7f3d0b284000-7f3d0b285000 rw-p 0000b000 08:05 9175612                    /lib/x86_64-linux-gnu/libnss_nis-2.23.so
7f3d0b285000-7f3d0b29b000 r-xp 00000000 08:05 9175590                    /lib/x86_64-linux-gnu/libnsl-2.23.so
7f3d0b29b000-7f3d0b49a000 ---p 00016000 08:05 9175590                    /lib/x86_64-linux-gnu/libnsl-2.23.so
7f3d0b49a000-7f3d0b49b000 r--p 00015000 08:05 9175590                    /lib/x86_64-linux-gnu/libnsl-2.23.so
7f3d0b49b000-7f3d0b49c000 rw-p 00016000 08:05 9175590                    /lib/x86_64-linux-gnu/libnsl-2.23.so
7f3d0b49c000-7f3d0b49e000 rw-p 00000000 00:00 0 
7f3d0b49e000-7f3d0b4a6000 r-xp 00000000 08:05 9175621                    /lib/x86_64-linux-gnu/libnss_compat-2.23.so
7f3d0b4a6000-7f3d0b6a5000 ---p 00008000 08:05 9175621                    /lib/x86_64-linux-gnu/libnss_compat-2.23.so
7f3d0b6a5000-7f3d0b6a6000 r--p 00007000 08:05 9175621                    /lib/x86_64-linux-gnu/libnss_compat-2.23.so
7f3d0b6a6000-7f3d0b6a7000 rw-p 00008000 08:05 9175621                    /lib/x86_64-linux-gnu/libnss_compat-2.23.so
7f3d0b6a7000-7f3d0b6d4000 r-xp 00000000 08:05 12197782                   /usr/lib/jvm/java-8-openjdk-amd64/jre/lib/amd64/libjava.so
7f3d0b6d4000-7f3d0b8d3000 ---p 0002d000 08:05 12197782                   /usr/lib/jvm/java-8-openjdk-amd64/jre/lib/amd64/libjava.so
7f3d0b8d3000-7f3d0b8d4000 r--p 0002c000 08:05 12197782                   /usr/lib/jvm/java-8-openjdk-amd64/jre/lib/amd64/libjava.so
7f3d0b8d4000-7f3d0b8d6000 rw-p 0002d000 08:05 12197782                   /usr/lib/jvm/java-8-openjdk-amd64/jre/lib/amd64/libjava.so
7f3d0b8d6000-7f3d0b8e5000 r-xp 00000000 08:05 12197797                   /usr/lib/jvm/java-8-openjdk-amd64/jre/lib/amd64/libverify.so
7f3d0b8e5000-7f3d0bae4000 ---p 0000f000 08:05 12197797                   /usr/lib/jvm/java-8-openjdk-amd64/jre/lib/amd64/libverify.so
7f3d0bae4000-7f3d0bae6000 r--p 0000e000 08:05 12197797                   /usr/lib/jvm/java-8-openjdk-amd64/jre/lib/amd64/libverify.so
7f3d0bae6000-7f3d0bae7000 rw-p 00010000 08:05 12197797                   /usr/lib/jvm/java-8-openjdk-amd64/jre/lib/amd64/libverify.so
7f3d0bae7000-7f3d0baee000 r-xp 00000000 08:05 9175617                    /lib/x86_64-linux-gnu/librt-2.23.so
7f3d0baee000-7f3d0bced000 ---p 00007000 08:05 9175617                    /lib/x86_64-linux-gnu/librt-2.23.so
7f3d0bced000-7f3d0bcee000 r--p 00006000 08:05 9175617                    /lib/x86_64-linux-gnu/librt-2.23.so
7f3d0bcee000-7f3d0bcef000 rw-p 00007000 08:05 9175617                    /lib/x86_64-linux-gnu/librt-2.23.so
7f3d0bcef000-7f3d0bd05000 r-xp 00000000 08:05 9179533                    /lib/x86_64-linux-gnu/libgcc_s.so.1
7f3d0bd05000-7f3d0bf04000 ---p 00016000 08:05 9179533                    /lib/x86_64-linux-gnu/libgcc_s.so.1
7f3d0bf04000-7f3d0bf05000 rw-p 00015000 08:05 9179533                    /lib/x86_64-linux-gnu/libgcc_s.so.1
7f3d0bf05000-7f3d0c00d000 r-xp 00000000 08:05 9175626                    /lib/x86_64-linux-gnu/libm-2.23.so
7f3d0c00d000-7f3d0c20c000 ---p 00108000 08:05 9175626                    /lib/x86_64-linux-gnu/libm-2.23.so
7f3d0c20c000-7f3d0c20d000 r--p 00107000 08:05 9175626                    /lib/x86_64-linux-gnu/libm-2.23.so
7f3d0c20d000-7f3d0c20e000 rw-p 00108000 08:05 9175626                    /lib/x86_64-linux-gnu/libm-2.23.so
7f3d0c20e000-7f3d0c380000 r-xp 00000000 08:05 12060670                   /usr/lib/x86_64-linux-gnu/libstdc++.so.6.0.21
7f3d0c380000-7f3d0c580000 ---p 00172000 08:05 12060670                   /usr/lib/x86_64-linux-gnu/libstdc++.so.6.0.21
7f3d0c580000-7f3d0c58a000 r--p 00172000 08:05 12060670                   /usr/lib/x86_64-linux-gnu/libstdc++.so.6.0.21
7f3d0c58a000-7f3d0c58c000 rw-p 0017c000 08:05 12060670                   /usr/lib/x86_64-linux-gnu/libstdc++.so.6.0.21
7f3d0c58c000-7f3d0c590000 rw-p 00000000 00:00 0 
7f3d0c590000-7f3d0d1e2000 r-xp 00000000 08:05 12197792                   /usr/lib/jvm/java-8-openjdk-amd64/jre/lib/amd64/server/libjvm.so
7f3d0d1e2000-7f3d0d3e2000 ---p 00c52000 08:05 12197792                   /usr/lib/jvm/java-8-openjdk-amd64/jre/lib/amd64/server/libjvm.so
7f3d0d3e2000-7f3d0d475000 r--p 00c52000 08:05 12197792                   /usr/lib/jvm/java-8-openjdk-amd64/jre/lib/amd64/server/libjvm.so
7f3d0d475000-7f3d0d49e000 rw-p 00ce5000 08:05 12197792                   /usr/lib/jvm/java-8-openjdk-amd64/jre/lib/amd64/server/libjvm.so
7f3d0d49e000-7f3d0d4ce000 rw-p 00000000 00:00 0 
7f3d0d4ce000-7f3d0d4e6000 r-xp 00000000 08:05 9175611                    /lib/x86_64-linux-gnu/libpthread-2.23.so
7f3d0d4e6000-7f3d0d6e5000 ---p 00018000 08:05 9175611                    /lib/x86_64-linux-gnu/libpthread-2.23.so
7f3d0d6e5000-7f3d0d6e6000 r--p 00017000 08:05 9175611                    /lib/x86_64-linux-gnu/libpthread-2.23.so
7f3d0d6e6000-7f3d0d6e7000 rw-p 00018000 08:05 9175611                    /lib/x86_64-linux-gnu/libpthread-2.23.so
7f3d0d6e7000-7f3d0d6eb000 rw-p 00000000 00:00 0 
7f3d0d6eb000-7f3d0d6ee000 r-xp 00000000 08:05 9175620                    /lib/x86_64-linux-gnu/libdl-2.23.so
7f3d0d6ee000-7f3d0d8ed000 ---p 00003000 08:05 9175620                    /lib/x86_64-linux-gnu/libdl-2.23.so
7f3d0d8ed000-7f3d0d8ee000 r--p 00002000 08:05 9175620                    /lib/x86_64-linux-gnu/libdl-2.23.so
7f3d0d8ee000-7f3d0d8ef000 rw-p 00003000 08:05 9175620                    /lib/x86_64-linux-gnu/libdl-2.23.so
7f3d0d8ef000-7f3d0d908000 r-xp 00000000 08:05 9175069                    /lib/x86_64-linux-gnu/libz.so.1.2.8
7f3d0d908000-7f3d0db07000 ---p 00019000 08:05 9175069                    /lib/x86_64-linux-gnu/libz.so.1.2.8
7f3d0db07000-7f3d0db08000 r--p 00018000 08:05 9175069                    /lib/x86_64-linux-gnu/libz.so.1.2.8
7f3d0db08000-7f3d0db09000 rw-p 00019000 08:05 9175069                    /lib/x86_64-linux-gnu/libz.so.1.2.8
7f3d0db09000-7f3d0dcc9000 r-xp 00000000 08:05 9175631                    /lib/x86_64-linux-gnu/libc-2.23.so
7f3d0dcc9000-7f3d0dec9000 ---p 001c0000 08:05 9175631                    /lib/x86_64-linux-gnu/libc-2.23.so
7f3d0dec9000-7f3d0decd000 r--p 001c0000 08:05 9175631                    /lib/x86_64-linux-gnu/libc-2.23.so
7f3d0decd000-7f3d0decf000 rw-p 001c4000 08:05 9175631                    /lib/x86_64-linux-gnu/libc-2.23.so
7f3d0decf000-7f3d0ded3000 rw-p 00000000 00:00 0 
7f3d0ded3000-7f3d0dee0000 r-xp 00000000 08:05 12197795                   /usr/lib/jvm/java-8-openjdk-amd64/jre/lib/amd64/jli/libjli.so
7f3d0dee0000-7f3d0e0e0000 ---p 0000d000 08:05 12197795                   /usr/lib/jvm/java-8-openjdk-amd64/jre/lib/amd64/jli/libjli.so
7f3d0e0e0000-7f3d0e0e1000 r--p 0000d000 08:05 12197795                   /usr/lib/jvm/java-8-openjdk-amd64/jre/lib/amd64/jli/libjli.so
7f3d0e0e1000-7f3d0e0e2000 rw-p 0000e000 08:05 12197795                   /usr/lib/jvm/java-8-openjdk-amd64/jre/lib/amd64/jli/libjli.so
7f3d0e0e2000-7f3d0e108000 r-xp 00000000 08:05 9175606                    /lib/x86_64-linux-gnu/ld-2.23.so
7f3d0e1e3000-7f3d0e1e6000 ---p 00000000 00:00 0 
7f3d0e1e6000-7f3d0e2e9000 rw-p 00000000 00:00 0 
7f3d0e2fb000-7f3d0e303000 rw-s 00000000 08:05 11010060                   /tmp/hsperfdata_carly/5925
7f3d0e303000-7f3d0e304000 rw-p 00000000 00:00 0 
7f3d0e304000-7f3d0e305000 r--p 00000000 00:00 0 
7f3d0e305000-7f3d0e307000 rw-p 00000000 00:00 0 
7f3d0e307000-7f3d0e308000 r--p 00025000 08:05 9175606                    /lib/x86_64-linux-gnu/ld-2.23.so
7f3d0e308000-7f3d0e309000 rw-p 00026000 08:05 9175606                    /lib/x86_64-linux-gnu/ld-2.23.so
7f3d0e309000-7f3d0e30a000 rw-p 00000000 00:00 0 
7ffc5c12f000-7ffc5c150000 rw-p 00000000 00:00 0                          [stack]
7ffc5c19e000-7ffc5c1a0000 r--p 00000000 00:00 0                          [vvar]
7ffc5c1a0000-7ffc5c1a2000 r-xp 00000000 00:00 0                          [vdso]
ffffffffff600000-ffffffffff601000 r-xp 00000000 00:00 0                  [vsyscall]

VM Arguments:
jvm_args: -Xms1024m -Xmx1024m -XX:ReservedCodeCacheSize=128m -XX:MaxMetaspaceSize=256m 
java_command: /usr/share/sbt/bin/sbt-launch.jar run
java_class_path (initial): /usr/share/sbt/bin/sbt-launch.jar
Launcher Type: SUN_STANDARD

Environment Variables:
JAVA_HOME=/usr/lib/jvm/java-8-openjdk-amd64
PATH=/home/carly/.pyenv/plugins/pyenv-virtualenv/shims:/home/carly/.pyenv/shims:/home/carly/.pyenv/bin:/home/carly/anaconda2/bin:/home/carly/bin:/home/carly/.local/bin:/usr/local/sbin:/usr/local/bin:/usr/sbin:/usr/bin:/sbin:/bin:/usr/games:/usr/local/games:/snap/bin:/usr/lib/jvm/java-8-openjdk-amd64/bin
SHELL=/bin/bash
DISPLAY=:0

Signal Handlers:
SIGSEGV: [libjvm.so+0xa69040], sa_mask[0]=11111111011111111101111111111110, sa_flags=SA_RESTART|SA_SIGINFO
SIGBUS: [libjvm.so+0xa69040], sa_mask[0]=11111111011111111101111111111110, sa_flags=SA_RESTART|SA_SIGINFO
SIGFPE: [libjvm.so+0x8b2170], sa_mask[0]=11111111011111111101111111111110, sa_flags=SA_RESTART|SA_SIGINFO
SIGPIPE: [libjvm.so+0x8b2170], sa_mask[0]=11111111011111111101111111111110, sa_flags=SA_RESTART|SA_SIGINFO
SIGXFSZ: [libjvm.so+0x8b2170], sa_mask[0]=11111111011111111101111111111110, sa_flags=SA_RESTART|SA_SIGINFO
SIGILL: [libjvm.so+0x8b2170], sa_mask[0]=11111111011111111101111111111110, sa_flags=SA_RESTART|SA_SIGINFO
SIGUSR1: SIG_DFL, sa_mask[0]=00000000000000000000000000000000, sa_flags=none
SIGUSR2: [libjvm.so+0x8b2020], sa_mask[0]=00000000000000000000000000000000, sa_flags=SA_RESTART|SA_SIGINFO
SIGHUP: SIG_DFL, sa_mask[0]=00000000000000000000000000000000, sa_flags=none
SIGINT: SIG_DFL, sa_mask[0]=00000000000000000000000000000000, sa_flags=none
SIGTERM: SIG_DFL, sa_mask[0]=00000000000000000000000000000000, sa_flags=none
SIGQUIT: SIG_DFL, sa_mask[0]=00000000000000000000000000000000, sa_flags=none


---------------  S Y S T E M  ---------------

OS:DISTRIB_ID=Ubuntu
DISTRIB_RELEASE=16.04
DISTRIB_CODENAME=xenial
DISTRIB_DESCRIPTION="Ubuntu 16.04.1 LTS"

uname:Linux 4.4.0-101-generic #124-Ubuntu SMP Fri Nov 10 18:29:59 UTC 2017 x86_64
libc:glibc 2.23 NPTL 2.23 
rlimit: STACK 8192k, CORE 0k, NPROC 31054, NOFILE 65536, AS infinity
load average:6.41 6.29 4.32

/proc/meminfo:
MemTotal:        8055584 kB
MemFree:          148128 kB
MemAvailable:     206364 kB
Buffers:           15940 kB
Cached:           591464 kB
SwapCached:            0 kB
Active:          7206496 kB
Inactive:         469112 kB
Active(anon):    7073132 kB
Inactive(anon):   346624 kB
Active(file):     133364 kB
Inactive(file):   122488 kB
Unevictable:          72 kB
Mlocked:              72 kB
SwapTotal:             0 kB
SwapFree:              0 kB
Dirty:                76 kB
Writeback:             0 kB
AnonPages:       7068232 kB
Mapped:           335692 kB
Shmem:            351652 kB
Slab:              91320 kB
SReclaimable:      53788 kB
SUnreclaim:        37532 kB
KernelStack:       10240 kB
PageTables:        46872 kB
NFS_Unstable:          0 kB
Bounce:                0 kB
WritebackTmp:          0 kB
CommitLimit:     4027792 kB
Committed_AS:    7414060 kB
VmallocTotal:   34359738367 kB
VmallocUsed:           0 kB
VmallocChunk:          0 kB
HardwareCorrupted:     0 kB
AnonHugePages:    720896 kB
CmaTotal:              0 kB
CmaFree:               0 kB
HugePages_Total:       0
HugePages_Free:        0
HugePages_Rsvd:        0
HugePages_Surp:        0
Hugepagesize:       2048 kB
DirectMap4k:      146936 kB
DirectMap2M:     2879488 kB
DirectMap1G:     5242880 kB


CPU:total 4 (initial active 4) (2 cores per cpu, 2 threads per core) family 6 model 142 stepping 9, cmov, cx8, fxsr, mmx, sse, sse2, sse3, ssse3, sse4.1, sse4.2, popcnt, avx, avx2, aes, clmul, erms, 3dnowpref, lzcnt, ht, tsc, tscinvbit, bmi1, bmi2, adx

/proc/cpuinfo:
processor	: 0
vendor_id	: GenuineIntel
cpu family	: 6
model		: 142
model name	: Intel(R) Core(TM) i5-7200U CPU @ 2.50GHz
stepping	: 9
microcode	: 0x34
cpu MHz		: 2899.968
cache size	: 3072 KB
physical id	: 0
siblings	: 4
core id		: 0
cpu cores	: 2
apicid		: 0
initial apicid	: 0
fpu		: yes
fpu_exception	: yes
cpuid level	: 22
wp		: yes
flags		: fpu vme de pse tsc msr pae mce cx8 apic sep mtrr pge mca cmov pat pse36 clflush dts acpi mmx fxsr sse sse2 ss ht tm pbe syscall nx pdpe1gb rdtscp lm constant_tsc art arch_perfmon pebs bts rep_good nopl xtopology nonstop_tsc aperfmperf eagerfpu pni pclmulqdq dtes64 monitor ds_cpl vmx est tm2 ssse3 sdbg fma cx16 xtpr pdcm pcid sse4_1 sse4_2 x2apic movbe popcnt tsc_deadline_timer aes xsave avx f16c rdrand lahf_lm abm 3dnowprefetch epb intel_pt tpr_shadow vnmi flexpriority ept vpid fsgsbase tsc_adjust bmi1 avx2 smep bmi2 erms invpcid mpx rdseed adx smap clflushopt xsaveopt xsavec xgetbv1 dtherm ida arat pln pts hwp hwp_notify hwp_act_window hwp_epp
bugs		:
bogomips	: 5423.84
clflush size	: 64
cache_alignment	: 64
address sizes	: 39 bits physical, 48 bits virtual
power management:

processor	: 1
vendor_id	: GenuineIntel
cpu family	: 6
model		: 142
model name	: Intel(R) Core(TM) i5-7200U CPU @ 2.50GHz
stepping	: 9
microcode	: 0x34
cpu MHz		: 2899.968
cache size	: 3072 KB
physical id	: 0
siblings	: 4
core id		: 1
cpu cores	: 2
apicid		: 2
initial apicid	: 2
fpu		: yes
fpu_exception	: yes
cpuid level	: 22
wp		: yes
flags		: fpu vme de pse tsc msr pae mce cx8 apic sep mtrr pge mca cmov pat pse36 clflush dts acpi mmx fxsr sse sse2 ss ht tm pbe syscall nx pdpe1gb rdtscp lm constant_tsc art arch_perfmon pebs bts rep_good nopl xtopology nonstop_tsc aperfmperf eagerfpu pni pclmulqdq dtes64 monitor ds_cpl vmx est tm2 ssse3 sdbg fma cx16 xtpr pdcm pcid sse4_1 sse4_2 x2apic movbe popcnt tsc_deadline_timer aes xsave avx f16c rdrand lahf_lm abm 3dnowprefetch epb intel_pt tpr_shadow vnmi flexpriority ept vpid fsgsbase tsc_adjust bmi1 avx2 smep bmi2 erms invpcid mpx rdseed adx smap clflushopt xsaveopt xsavec xgetbv1 dtherm ida arat pln pts hwp hwp_notify hwp_act_window hwp_epp
bugs		:
bogomips	: 5423.84
clflush size	: 64
cache_alignment	: 64
address sizes	: 39 bits physical, 48 bits virtual
power management:

processor	: 2
vendor_id	: GenuineIntel
cpu family	: 6
model		: 142
model name	: Intel(R) Core(TM) i5-7200U CPU @ 2.50GHz
stepping	: 9
microcode	: 0x34
cpu MHz		: 2899.968
cache size	: 3072 KB
physical id	: 0
siblings	: 4
core id		: 0
cpu cores	: 2
apicid		: 1
initial apicid	: 1
fpu		: yes
fpu_exception	: yes
cpuid level	: 22
wp		: yes
flags		: fpu vme de pse tsc msr pae mce cx8 apic sep mtrr pge mca cmov pat pse36 clflush dts acpi mmx fxsr sse sse2 ss ht tm pbe syscall nx pdpe1gb rdtscp lm constant_tsc art arch_perfmon pebs bts rep_good nopl xtopology nonstop_tsc aperfmperf eagerfpu pni pclmulqdq dtes64 monitor ds_cpl vmx est tm2 ssse3 sdbg fma cx16 xtpr pdcm pcid sse4_1 sse4_2 x2apic movbe popcnt tsc_deadline_timer aes xsave avx f16c rdrand lahf_lm abm 3dnowprefetch epb intel_pt tpr_shadow vnmi flexpriority ept vpid fsgsbase tsc_adjust bmi1 avx2 smep bmi2 erms invpcid mpx rdseed adx smap clflushopt xsaveopt xsavec xgetbv1 dtherm ida arat pln pts hwp hwp_notify hwp_act_window hwp_epp
bugs		:
bogomips	: 5423.84
clflush size	: 64
cache_alignment	: 64
address sizes	: 39 bits physical, 48 bits virtual
power management:

processor	: 3
vendor_id	: GenuineIntel
cpu family	: 6
model		: 142
model name	: Intel(R) Core(TM) i5-7200U CPU @ 2.50GHz
stepping	: 9
microcode	: 0x34
cpu MHz		: 2899.968
cache size	: 3072 KB
physical id	: 0
siblings	: 4
core id		: 1
cpu cores	: 2
apicid		: 3
initial apicid	: 3
fpu		: yes
fpu_exception	: yes
cpuid level	: 22
wp		: yes
flags		: fpu vme de pse tsc msr pae mce cx8 apic sep mtrr pge mca cmov pat pse36 clflush dts acpi mmx fxsr sse sse2 ss ht tm pbe syscall nx pdpe1gb rdtscp lm constant_tsc art arch_perfmon pebs bts rep_good nopl xtopology nonstop_tsc aperfmperf eagerfpu pni pclmulqdq dtes64 monitor ds_cpl vmx est tm2 ssse3 sdbg fma cx16 xtpr pdcm pcid sse4_1 sse4_2 x2apic movbe popcnt tsc_deadline_timer aes xsave avx f16c rdrand lahf_lm abm 3dnowprefetch epb intel_pt tpr_shadow vnmi flexpriority ept vpid fsgsbase tsc_adjust bmi1 avx2 smep bmi2 erms invpcid mpx rdseed adx smap clflushopt xsaveopt xsavec xgetbv1 dtherm ida arat pln pts hwp hwp_notify hwp_act_window hwp_epp
bugs		:
bogomips	: 5423.84
clflush size	: 64
cache_alignment	: 64
address sizes	: 39 bits physical, 48 bits virtual
power management:



Memory: 4k page, physical 8055584k(148128k free), swap 0k(0k free)

vm_info: OpenJDK 64-Bit Server VM (25.151-b12) for linux-amd64 JRE (1.8.0_151-8u151-b12-0ubuntu0.16.04.2-b12), built on Oct 27 2017 21:59:02 by "buildd" with gcc 5.4.0 20160609

time: Sun Dec  3 21:16:58 2017
elapsed time: 0 seconds (0d 0h 0m 0s)

