2017-12-18 14:10:52,850 [INFO] from application in play-dev-mode-akka.actor.default-dispatcher-2 - Creating Pool for datasource 'default'
2017-12-18 14:10:53,145 [INFO] from play.api.db.DefaultDBApi in play-dev-mode-akka.actor.default-dispatcher-2 - Database [default] connected at jdbc:h2:file:~/data/db
2017-12-18 14:10:54,107 [WARN] from org.hibernate.validator.messageinterpolation.ParameterMessageInterpolator in play-dev-mode-akka.actor.default-dispatcher-2 - HV000184: ParameterMessageInterpolator has been chosen, EL interpolation will not be supported
2017-12-18 14:10:54,523 [INFO] from play.api.http.EnabledFilters in play-dev-mode-akka.actor.default-dispatcher-2 - Enabled Filters (see <https://www.playframework.com/documentation/latest/Filters>):

    play.filters.csrf.CSRFFilter
    play.filters.headers.SecurityHeadersFilter
    play.filters.hosts.AllowedHostsFilter

2017-12-18 14:10:54,528 [INFO] from play.api.Play in play-dev-mode-akka.actor.default-dispatcher-2 - Application started (Dev)
2017-12-18 14:11:10,211 [ERROR] from application in play-dev-mode-akka.actor.default-dispatcher-10 - 

! @76bj4hfn6 - Internal server error, for (GET) [/search?searchTerm=hello+world&searchType=Content] ->
 
play.api.http.HttpErrorHandlerExceptions$$anon$1: Execution exception[[NullPointerException: null]]
	at play.api.http.HttpErrorHandlerExceptions$.throwableToUsefulException(HttpErrorHandler.scala:255)
	at play.api.http.DefaultHttpErrorHandler.onServerError(HttpErrorHandler.scala:182)
	at play.core.server.AkkaHttpServer$$anonfun$$nestedInanonfun$executeHandler$1$1.applyOrElse(AkkaHttpServer.scala:251)
	at play.core.server.AkkaHttpServer$$anonfun$$nestedInanonfun$executeHandler$1$1.applyOrElse(AkkaHttpServer.scala:250)
	at scala.concurrent.Future.$anonfun$recoverWith$1(Future.scala:412)
	at scala.concurrent.impl.Promise.$anonfun$transformWith$1(Promise.scala:37)
	at scala.concurrent.impl.CallbackRunnable.run(Promise.scala:60)
	at play.api.libs.streams.Execution$trampoline$.execute(Execution.scala:70)
	at scala.concurrent.impl.CallbackRunnable.executeWithValue(Promise.scala:68)
	at scala.concurrent.impl.Promise$DefaultPromise.dispatchOrAddCallback(Promise.scala:312)
	at scala.concurrent.impl.Promise$DefaultPromise.onComplete(Promise.scala:303)
	at scala.concurrent.impl.Promise.transformWith(Promise.scala:36)
	at scala.concurrent.impl.Promise.transformWith$(Promise.scala:34)
	at scala.concurrent.impl.Promise$DefaultPromise.transformWith(Promise.scala:183)
	at scala.concurrent.Future.recoverWith(Future.scala:411)
	at scala.concurrent.Future.recoverWith$(Future.scala:410)
	at scala.concurrent.impl.Promise$DefaultPromise.recoverWith(Promise.scala:183)
	at play.api.libs.streams.StrictAccumulator.$anonfun$recoverWith$3(Accumulator.scala:194)
	at scala.Function1.$anonfun$andThen$1(Function1.scala:52)
	at play.api.libs.streams.StrictAccumulator.run(Accumulator.scala:207)
	at play.core.server.AkkaHttpServer.executeAction(AkkaHttpServer.scala:297)
	at play.core.server.AkkaHttpServer.executeHandler(AkkaHttpServer.scala:254)
	at play.core.server.AkkaHttpServer.handleRequest(AkkaHttpServer.scala:200)
	at play.core.server.AkkaHttpServer.$anonfun$createServerBinding$3(AkkaHttpServer.scala:106)
	at akka.stream.impl.fusing.MapAsync$$anon$23.onPush(Ops.scala:1172)
	at akka.stream.impl.fusing.GraphInterpreter.processPush(GraphInterpreter.scala:499)
	at akka.stream.impl.fusing.GraphInterpreter.processEvent(GraphInterpreter.scala:462)
	at akka.stream.impl.fusing.GraphInterpreter.execute(GraphInterpreter.scala:368)
	at akka.stream.impl.fusing.GraphInterpreterShell.runBatch(ActorGraphInterpreter.scala:571)
	at akka.stream.impl.fusing.GraphInterpreterShell$AsyncInput.execute(ActorGraphInterpreter.scala:457)
	at akka.stream.impl.fusing.GraphInterpreterShell.processEvent(ActorGraphInterpreter.scala:546)
	at akka.stream.impl.fusing.ActorGraphInterpreter.akka$stream$impl$fusing$ActorGraphInterpreter$$processEvent(ActorGraphInterpreter.scala:725)
	at akka.stream.impl.fusing.ActorGraphInterpreter$$anonfun$receive$1.applyOrElse(ActorGraphInterpreter.scala:740)
	at akka.actor.Actor.aroundReceive(Actor.scala:514)
	at akka.actor.Actor.aroundReceive$(Actor.scala:512)
	at akka.stream.impl.fusing.ActorGraphInterpreter.aroundReceive(ActorGraphInterpreter.scala:650)
	at akka.actor.ActorCell.receiveMessage(ActorCell.scala:527)
	at akka.actor.ActorCell.invoke(ActorCell.scala:496)
	at akka.dispatch.Mailbox.processMailbox(Mailbox.scala:257)
	at akka.dispatch.Mailbox.run(Mailbox.scala:224)
	at akka.dispatch.Mailbox.exec(Mailbox.scala:234)
	at akka.dispatch.forkjoin.ForkJoinTask.doExec(ForkJoinTask.java:260)
	at akka.dispatch.forkjoin.ForkJoinPool$WorkQueue.runTask(ForkJoinPool.java:1339)
	at akka.dispatch.forkjoin.ForkJoinPool.runWorker(ForkJoinPool.java:1979)
	at akka.dispatch.forkjoin.ForkJoinWorkerThread.run(ForkJoinWorkerThread.java:107)
Caused by: java.lang.NullPointerException: null
	at views.html.searchResults$.$anonfun$apply$2(searchResults.template.scala:67)
	at views.html.helper.form$.apply(form.template.scala:36)
	at views.html.searchResults$.apply(searchResults.template.scala:65)
	at views.html.searchResults$.render(searchResults.template.scala:109)
	at views.html.searchResults.render(searchResults.template.scala)
	at controllers.SearchController.searchResults(SearchController.java:138)
	at router.Routes$$anonfun$routes$1.$anonfun$applyOrElse$12(Routes.scala:414)
	at play.core.routing.HandlerInvokerFactory$$anon$3.resultCall(HandlerInvoker.scala:134)
	at play.core.routing.HandlerInvokerFactory$$anon$3.resultCall(HandlerInvoker.scala:133)
	at play.core.routing.HandlerInvokerFactory$JavaActionInvokerFactory$$anon$8$$anon$2$$anon$1.invocation(HandlerInvoker.scala:108)
	at play.core.j.JavaAction$$anon$1.call(JavaAction.scala:76)
	at play.http.DefaultActionCreator$1.call(DefaultActionCreator.java:31)
	at play.core.j.JavaAction.$anonfun$apply$2(JavaAction.scala:111)
	at scala.concurrent.Future$.$anonfun$apply$1(Future.scala:653)
	at scala.util.Success.$anonfun$map$1(Try.scala:251)
	at scala.util.Success.map(Try.scala:209)
	at scala.concurrent.Future.$anonfun$map$1(Future.scala:287)
	at scala.concurrent.impl.Promise.liftedTree1$1(Promise.scala:29)
	at scala.concurrent.impl.Promise.$anonfun$transform$1(Promise.scala:29)
	at scala.concurrent.impl.CallbackRunnable.run(Promise.scala:60)
	at play.core.j.HttpExecutionContext$$anon$2.run(HttpExecutionContext.scala:56)
	at play.api.libs.streams.Execution$trampoline$.execute(Execution.scala:70)
	at play.core.j.HttpExecutionContext.execute(HttpExecutionContext.scala:48)
	at scala.concurrent.impl.CallbackRunnable.executeWithValue(Promise.scala:68)
	at scala.concurrent.impl.Promise$KeptPromise$Kept.onComplete(Promise.scala:368)
	at scala.concurrent.impl.Promise$KeptPromise$Kept.onComplete$(Promise.scala:367)
	at scala.concurrent.impl.Promise$KeptPromise$Successful.onComplete(Promise.scala:375)
	at scala.concurrent.impl.Promise.transform(Promise.scala:29)
	at scala.concurrent.impl.Promise.transform$(Promise.scala:27)
	at scala.concurrent.impl.Promise$KeptPromise$Successful.transform(Promise.scala:375)
	at scala.concurrent.Future.map(Future.scala:287)
	at scala.concurrent.Future.map$(Future.scala:287)
	at scala.concurrent.impl.Promise$KeptPromise$Successful.map(Promise.scala:375)
	at scala.concurrent.Future$.apply(Future.scala:653)
	at play.core.j.JavaAction.apply(JavaAction.scala:111)
	at play.api.mvc.Action.$anonfun$apply$2(Action.scala:96)
	at play.api.libs.streams.StrictAccumulator.$anonfun$mapFuture$4(Accumulator.scala:174)
	at scala.util.Try$.apply(Try.scala:209)
	at play.api.libs.streams.StrictAccumulator.$anonfun$mapFuture$3(Accumulator.scala:174)
	at scala.Function1.$anonfun$andThen$1(Function1.scala:52)
	at scala.Function1.$anonfun$andThen$1(Function1.scala:52)
	... 27 common frames omitted
2017-12-18 14:11:27,132 [ERROR] from application in play-dev-mode-akka.actor.default-dispatcher-10 - 

! @76bj4ieo2 - Internal server error, for (GET) [/search?searchTerm=hello+world&searchType=Content] ->
 
play.api.http.HttpErrorHandlerExceptions$$anon$1: Execution exception[[NullPointerException: null]]
	at play.api.http.HttpErrorHandlerExceptions$.throwableToUsefulException(HttpErrorHandler.scala:255)
	at play.api.http.DefaultHttpErrorHandler.onServerError(HttpErrorHandler.scala:182)
	at play.core.server.AkkaHttpServer$$anonfun$$nestedInanonfun$executeHandler$1$1.applyOrElse(AkkaHttpServer.scala:251)
	at play.core.server.AkkaHttpServer$$anonfun$$nestedInanonfun$executeHandler$1$1.applyOrElse(AkkaHttpServer.scala:250)
	at scala.concurrent.Future.$anonfun$recoverWith$1(Future.scala:412)
	at scala.concurrent.impl.Promise.$anonfun$transformWith$1(Promise.scala:37)
	at scala.concurrent.impl.CallbackRunnable.run(Promise.scala:60)
	at play.api.libs.streams.Execution$trampoline$.execute(Execution.scala:70)
	at scala.concurrent.impl.CallbackRunnable.executeWithValue(Promise.scala:68)
	at scala.concurrent.impl.Promise$DefaultPromise.dispatchOrAddCallback(Promise.scala:312)
	at scala.concurrent.impl.Promise$DefaultPromise.onComplete(Promise.scala:303)
	at scala.concurrent.impl.Promise.transformWith(Promise.scala:36)
	at scala.concurrent.impl.Promise.transformWith$(Promise.scala:34)
	at scala.concurrent.impl.Promise$DefaultPromise.transformWith(Promise.scala:183)
	at scala.concurrent.Future.recoverWith(Future.scala:411)
	at scala.concurrent.Future.recoverWith$(Future.scala:410)
	at scala.concurrent.impl.Promise$DefaultPromise.recoverWith(Promise.scala:183)
	at play.api.libs.streams.StrictAccumulator.$anonfun$recoverWith$3(Accumulator.scala:194)
	at scala.Function1.$anonfun$andThen$1(Function1.scala:52)
	at play.api.libs.streams.StrictAccumulator.run(Accumulator.scala:207)
	at play.core.server.AkkaHttpServer.executeAction(AkkaHttpServer.scala:297)
	at play.core.server.AkkaHttpServer.executeHandler(AkkaHttpServer.scala:254)
	at play.core.server.AkkaHttpServer.handleRequest(AkkaHttpServer.scala:200)
	at play.core.server.AkkaHttpServer.$anonfun$createServerBinding$3(AkkaHttpServer.scala:106)
	at akka.stream.impl.fusing.MapAsync$$anon$23.onPush(Ops.scala:1172)
	at akka.stream.impl.fusing.GraphInterpreter.processPush(GraphInterpreter.scala:499)
	at akka.stream.impl.fusing.GraphInterpreter.processEvent(GraphInterpreter.scala:462)
	at akka.stream.impl.fusing.GraphInterpreter.execute(GraphInterpreter.scala:368)
	at akka.stream.impl.fusing.GraphInterpreterShell.runBatch(ActorGraphInterpreter.scala:571)
	at akka.stream.impl.fusing.GraphInterpreterShell$AsyncInput.execute(ActorGraphInterpreter.scala:457)
	at akka.stream.impl.fusing.GraphInterpreterShell.processEvent(ActorGraphInterpreter.scala:546)
	at akka.stream.impl.fusing.ActorGraphInterpreter.akka$stream$impl$fusing$ActorGraphInterpreter$$processEvent(ActorGraphInterpreter.scala:725)
	at akka.stream.impl.fusing.ActorGraphInterpreter$$anonfun$receive$1.applyOrElse(ActorGraphInterpreter.scala:740)
	at akka.actor.Actor.aroundReceive(Actor.scala:514)
	at akka.actor.Actor.aroundReceive$(Actor.scala:512)
	at akka.stream.impl.fusing.ActorGraphInterpreter.aroundReceive(ActorGraphInterpreter.scala:650)
	at akka.actor.ActorCell.receiveMessage(ActorCell.scala:527)
	at akka.actor.ActorCell.invoke(ActorCell.scala:496)
	at akka.dispatch.Mailbox.processMailbox(Mailbox.scala:257)
	at akka.dispatch.Mailbox.run(Mailbox.scala:224)
	at akka.dispatch.Mailbox.exec(Mailbox.scala:234)
	at akka.dispatch.forkjoin.ForkJoinTask.doExec(ForkJoinTask.java:260)
	at akka.dispatch.forkjoin.ForkJoinPool$WorkQueue.runTask(ForkJoinPool.java:1339)
	at akka.dispatch.forkjoin.ForkJoinPool.runWorker(ForkJoinPool.java:1979)
	at akka.dispatch.forkjoin.ForkJoinWorkerThread.run(ForkJoinWorkerThread.java:107)
Caused by: java.lang.NullPointerException: null
	at views.html.searchResults$.$anonfun$apply$2(searchResults.template.scala:67)
	at views.html.helper.form$.apply(form.template.scala:36)
	at views.html.searchResults$.apply(searchResults.template.scala:65)
	at views.html.searchResults$.render(searchResults.template.scala:109)
	at views.html.searchResults.render(searchResults.template.scala)
	at controllers.SearchController.searchResults(SearchController.java:138)
	at router.Routes$$anonfun$routes$1.$anonfun$applyOrElse$12(Routes.scala:414)
	at play.core.routing.HandlerInvokerFactory$$anon$3.resultCall(HandlerInvoker.scala:134)
	at play.core.routing.HandlerInvokerFactory$$anon$3.resultCall(HandlerInvoker.scala:133)
	at play.core.routing.HandlerInvokerFactory$JavaActionInvokerFactory$$anon$8$$anon$2$$anon$1.invocation(HandlerInvoker.scala:108)
	at play.core.j.JavaAction$$anon$1.call(JavaAction.scala:76)
	at play.http.DefaultActionCreator$1.call(DefaultActionCreator.java:31)
	at play.core.j.JavaAction.$anonfun$apply$2(JavaAction.scala:111)
	at scala.concurrent.Future$.$anonfun$apply$1(Future.scala:653)
	at scala.util.Success.$anonfun$map$1(Try.scala:251)
	at scala.util.Success.map(Try.scala:209)
	at scala.concurrent.Future.$anonfun$map$1(Future.scala:287)
	at scala.concurrent.impl.Promise.liftedTree1$1(Promise.scala:29)
	at scala.concurrent.impl.Promise.$anonfun$transform$1(Promise.scala:29)
	at scala.concurrent.impl.CallbackRunnable.run(Promise.scala:60)
	at play.core.j.HttpExecutionContext$$anon$2.run(HttpExecutionContext.scala:56)
	at play.api.libs.streams.Execution$trampoline$.execute(Execution.scala:70)
	at play.core.j.HttpExecutionContext.execute(HttpExecutionContext.scala:48)
	at scala.concurrent.impl.CallbackRunnable.executeWithValue(Promise.scala:68)
	at scala.concurrent.impl.Promise$KeptPromise$Kept.onComplete(Promise.scala:368)
	at scala.concurrent.impl.Promise$KeptPromise$Kept.onComplete$(Promise.scala:367)
	at scala.concurrent.impl.Promise$KeptPromise$Successful.onComplete(Promise.scala:375)
	at scala.concurrent.impl.Promise.transform(Promise.scala:29)
	at scala.concurrent.impl.Promise.transform$(Promise.scala:27)
	at scala.concurrent.impl.Promise$KeptPromise$Successful.transform(Promise.scala:375)
	at scala.concurrent.Future.map(Future.scala:287)
	at scala.concurrent.Future.map$(Future.scala:287)
	at scala.concurrent.impl.Promise$KeptPromise$Successful.map(Promise.scala:375)
	at scala.concurrent.Future$.apply(Future.scala:653)
	at play.core.j.JavaAction.apply(JavaAction.scala:111)
	at play.api.mvc.Action.$anonfun$apply$2(Action.scala:96)
	at play.api.libs.streams.StrictAccumulator.$anonfun$mapFuture$4(Accumulator.scala:174)
	at scala.util.Try$.apply(Try.scala:209)
	at play.api.libs.streams.StrictAccumulator.$anonfun$mapFuture$3(Accumulator.scala:174)
	at scala.Function1.$anonfun$andThen$1(Function1.scala:52)
	at scala.Function1.$anonfun$andThen$1(Function1.scala:52)
	... 27 common frames omitted
2017-12-18 14:13:08,166 [ERROR] from application in play-dev-mode-akka.actor.default-dispatcher-10 - 

! @76bj4o877 - Internal server error, for (GET) [/assets/images/favicon.png] ->
 
play.sbt.PlayExceptions$CompilationException: Compilation error[')' expected but '@' found.]
	at play.sbt.PlayExceptions$CompilationException$.apply(PlayExceptions.scala:34)
	at play.sbt.PlayExceptions$CompilationException$.apply(PlayExceptions.scala:34)
	at scala.Option.map(Option.scala:146)
	at play.sbt.run.PlayReload$.$anonfun$taskFailureHandler$1(PlayReload.scala:33)
	at scala.Option.map(Option.scala:146)
	at play.sbt.run.PlayReload$.taskFailureHandler(PlayReload.scala:28)
	at play.sbt.run.PlayReload$.compileFailure(PlayReload.scala:24)
	at play.sbt.run.PlayReload$.$anonfun$compile$3(PlayReload.scala:51)
	at scala.util.Either$LeftProjection.map(Either.scala:573)
	at play.sbt.run.PlayReload$.compile(PlayReload.scala:51)
	at play.sbt.run.PlayRun$.$anonfun$playRunTask$4(PlayRun.scala:75)
	at play.runsupport.Reloader.$anonfun$reload$1(Reloader.scala:413)
	at play.runsupport.Reloader$$anon$5.run(Reloader.scala:51)
	at java.security.AccessController.doPrivileged(Native Method)
	at play.runsupport.Reloader$.play$runsupport$Reloader$$withReloaderContextClassLoader(Reloader.scala:56)
	at play.runsupport.Reloader.reload(Reloader.scala:413)
	at play.core.server.DevServerStart$$anon$1.get(DevServerStart.scala:123)
	at play.core.server.Server.getHandlerFor(Server.scala:63)
	at play.core.server.Server.getHandlerFor$(Server.scala:48)
	at play.core.server.AkkaHttpServer.getHandlerFor(AkkaHttpServer.scala:41)
	at play.core.server.AkkaHttpServer.getHandler(AkkaHttpServer.scala:214)
	at play.core.server.AkkaHttpServer.handleRequest(AkkaHttpServer.scala:194)
	at play.core.server.AkkaHttpServer.$anonfun$createServerBinding$3(AkkaHttpServer.scala:106)
	at akka.stream.impl.fusing.MapAsync$$anon$23.onPush(Ops.scala:1172)
	at akka.stream.impl.fusing.GraphInterpreter.processPush(GraphInterpreter.scala:499)
	at akka.stream.impl.fusing.GraphInterpreter.processEvent(GraphInterpreter.scala:462)
	at akka.stream.impl.fusing.GraphInterpreter.execute(GraphInterpreter.scala:368)
	at akka.stream.impl.fusing.GraphInterpreterShell.runBatch(ActorGraphInterpreter.scala:571)
	at akka.stream.impl.fusing.GraphInterpreterShell$AsyncInput.execute(ActorGraphInterpreter.scala:457)
	at akka.stream.impl.fusing.GraphInterpreterShell.processEvent(ActorGraphInterpreter.scala:546)
	at akka.stream.impl.fusing.ActorGraphInterpreter.akka$stream$impl$fusing$ActorGraphInterpreter$$processEvent(ActorGraphInterpreter.scala:725)
	at akka.stream.impl.fusing.ActorGraphInterpreter$$anonfun$receive$1.applyOrElse(ActorGraphInterpreter.scala:740)
	at akka.actor.Actor.aroundReceive(Actor.scala:514)
	at akka.actor.Actor.aroundReceive$(Actor.scala:512)
	at akka.stream.impl.fusing.ActorGraphInterpreter.aroundReceive(ActorGraphInterpreter.scala:650)
	at akka.actor.ActorCell.receiveMessage(ActorCell.scala:527)
	at akka.actor.ActorCell.invoke(ActorCell.scala:496)
	at akka.dispatch.Mailbox.processMailbox(Mailbox.scala:257)
	at akka.dispatch.Mailbox.run(Mailbox.scala:224)
	at akka.dispatch.Mailbox.exec(Mailbox.scala:234)
	at akka.dispatch.forkjoin.ForkJoinTask.doExec(ForkJoinTask.java:260)
	at akka.dispatch.forkjoin.ForkJoinPool$WorkQueue.runTask(ForkJoinPool.java:1339)
	at akka.dispatch.forkjoin.ForkJoinPool.runWorker(ForkJoinPool.java:1979)
	at akka.dispatch.forkjoin.ForkJoinWorkerThread.run(ForkJoinWorkerThread.java:107)
2017-12-18 14:13:09,252 [ERROR] from application in play-dev-mode-akka.actor.default-dispatcher-4 - 

! @76bj4o9pn - Internal server error, for (GET) [/] ->
 
play.sbt.PlayExceptions$CompilationException: Compilation error[')' expected but '@' found.]
	at play.sbt.PlayExceptions$CompilationException$.apply(PlayExceptions.scala:34)
	at play.sbt.PlayExceptions$CompilationException$.apply(PlayExceptions.scala:34)
	at scala.Option.map(Option.scala:146)
	at play.sbt.run.PlayReload$.$anonfun$taskFailureHandler$1(PlayReload.scala:33)
	at scala.Option.map(Option.scala:146)
	at play.sbt.run.PlayReload$.taskFailureHandler(PlayReload.scala:28)
	at play.sbt.run.PlayReload$.compileFailure(PlayReload.scala:24)
	at play.sbt.run.PlayReload$.$anonfun$compile$3(PlayReload.scala:51)
	at scala.util.Either$LeftProjection.map(Either.scala:573)
	at play.sbt.run.PlayReload$.compile(PlayReload.scala:51)
	at play.sbt.run.PlayRun$.$anonfun$playRunTask$4(PlayRun.scala:75)
	at play.runsupport.Reloader.$anonfun$reload$1(Reloader.scala:413)
	at play.runsupport.Reloader$$anon$5.run(Reloader.scala:51)
	at java.security.AccessController.doPrivileged(Native Method)
	at play.runsupport.Reloader$.play$runsupport$Reloader$$withReloaderContextClassLoader(Reloader.scala:56)
	at play.runsupport.Reloader.reload(Reloader.scala:413)
	at play.core.server.DevServerStart$$anon$1.get(DevServerStart.scala:123)
	at play.core.server.Server.getHandlerFor(Server.scala:63)
	at play.core.server.Server.getHandlerFor$(Server.scala:48)
	at play.core.server.AkkaHttpServer.getHandlerFor(AkkaHttpServer.scala:41)
	at play.core.server.AkkaHttpServer.getHandler(AkkaHttpServer.scala:214)
	at play.core.server.AkkaHttpServer.handleRequest(AkkaHttpServer.scala:194)
	at play.core.server.AkkaHttpServer.$anonfun$createServerBinding$3(AkkaHttpServer.scala:106)
	at akka.stream.impl.fusing.MapAsync$$anon$23.onPush(Ops.scala:1172)
	at akka.stream.impl.fusing.GraphInterpreter.processPush(GraphInterpreter.scala:499)
	at akka.stream.impl.fusing.GraphInterpreter.processEvent(GraphInterpreter.scala:462)
	at akka.stream.impl.fusing.GraphInterpreter.execute(GraphInterpreter.scala:368)
	at akka.stream.impl.fusing.GraphInterpreterShell.runBatch(ActorGraphInterpreter.scala:571)
	at akka.stream.impl.fusing.GraphInterpreterShell$AsyncInput.execute(ActorGraphInterpreter.scala:457)
	at akka.stream.impl.fusing.GraphInterpreterShell.processEvent(ActorGraphInterpreter.scala:546)
	at akka.stream.impl.fusing.ActorGraphInterpreter.akka$stream$impl$fusing$ActorGraphInterpreter$$processEvent(ActorGraphInterpreter.scala:725)
	at akka.stream.impl.fusing.ActorGraphInterpreter$$anonfun$receive$1.applyOrElse(ActorGraphInterpreter.scala:740)
	at akka.actor.Actor.aroundReceive(Actor.scala:514)
	at akka.actor.Actor.aroundReceive$(Actor.scala:512)
	at akka.stream.impl.fusing.ActorGraphInterpreter.aroundReceive(ActorGraphInterpreter.scala:650)
	at akka.actor.ActorCell.receiveMessage(ActorCell.scala:527)
	at akka.actor.ActorCell.invoke(ActorCell.scala:496)
	at akka.dispatch.Mailbox.processMailbox(Mailbox.scala:257)
	at akka.dispatch.Mailbox.run(Mailbox.scala:224)
	at akka.dispatch.Mailbox.exec(Mailbox.scala:234)
	at akka.dispatch.forkjoin.ForkJoinTask.doExec(ForkJoinTask.java:260)
	at akka.dispatch.forkjoin.ForkJoinPool$WorkQueue.runTask(ForkJoinPool.java:1339)
	at akka.dispatch.forkjoin.ForkJoinPool.runWorker(ForkJoinPool.java:1979)
	at akka.dispatch.forkjoin.ForkJoinWorkerThread.run(ForkJoinWorkerThread.java:107)
2017-12-18 14:13:31,068 [ERROR] from application in play-dev-mode-akka.actor.default-dispatcher-10 - 

! @76bj4pg6p - Internal server error, for (GET) [/] ->
 
play.sbt.PlayExceptions$CompilationException: Compilation error[not found: value value]
	at play.sbt.PlayExceptions$CompilationException$.apply(PlayExceptions.scala:34)
	at play.sbt.PlayExceptions$CompilationException$.apply(PlayExceptions.scala:34)
	at scala.Option.map(Option.scala:146)
	at play.sbt.run.PlayReload$.$anonfun$taskFailureHandler$1(PlayReload.scala:33)
	at scala.Option.map(Option.scala:146)
	at play.sbt.run.PlayReload$.taskFailureHandler(PlayReload.scala:28)
	at play.sbt.run.PlayReload$.compileFailure(PlayReload.scala:24)
	at play.sbt.run.PlayReload$.$anonfun$compile$3(PlayReload.scala:51)
	at scala.util.Either$LeftProjection.map(Either.scala:573)
	at play.sbt.run.PlayReload$.compile(PlayReload.scala:51)
	at play.sbt.run.PlayRun$.$anonfun$playRunTask$4(PlayRun.scala:75)
	at play.runsupport.Reloader.$anonfun$reload$1(Reloader.scala:413)
	at play.runsupport.Reloader$$anon$5.run(Reloader.scala:51)
	at java.security.AccessController.doPrivileged(Native Method)
	at play.runsupport.Reloader$.play$runsupport$Reloader$$withReloaderContextClassLoader(Reloader.scala:56)
	at play.runsupport.Reloader.reload(Reloader.scala:413)
	at play.core.server.DevServerStart$$anon$1.get(DevServerStart.scala:123)
	at play.core.server.Server.getHandlerFor(Server.scala:63)
	at play.core.server.Server.getHandlerFor$(Server.scala:48)
	at play.core.server.AkkaHttpServer.getHandlerFor(AkkaHttpServer.scala:41)
	at play.core.server.AkkaHttpServer.getHandler(AkkaHttpServer.scala:214)
	at play.core.server.AkkaHttpServer.handleRequest(AkkaHttpServer.scala:194)
	at play.core.server.AkkaHttpServer.$anonfun$createServerBinding$3(AkkaHttpServer.scala:106)
	at akka.stream.impl.fusing.MapAsync$$anon$23.onPush(Ops.scala:1172)
	at akka.stream.impl.fusing.GraphInterpreter.processPush(GraphInterpreter.scala:499)
	at akka.stream.impl.fusing.GraphInterpreter.processEvent(GraphInterpreter.scala:462)
	at akka.stream.impl.fusing.GraphInterpreter.execute(GraphInterpreter.scala:368)
	at akka.stream.impl.fusing.GraphInterpreterShell.runBatch(ActorGraphInterpreter.scala:571)
	at akka.stream.impl.fusing.GraphInterpreterShell$AsyncInput.execute(ActorGraphInterpreter.scala:457)
	at akka.stream.impl.fusing.GraphInterpreterShell.processEvent(ActorGraphInterpreter.scala:546)
	at akka.stream.impl.fusing.ActorGraphInterpreter.akka$stream$impl$fusing$ActorGraphInterpreter$$processEvent(ActorGraphInterpreter.scala:725)
	at akka.stream.impl.fusing.ActorGraphInterpreter$$anonfun$receive$1.applyOrElse(ActorGraphInterpreter.scala:740)
	at akka.actor.Actor.aroundReceive(Actor.scala:514)
	at akka.actor.Actor.aroundReceive$(Actor.scala:512)
	at akka.stream.impl.fusing.ActorGraphInterpreter.aroundReceive(ActorGraphInterpreter.scala:650)
	at akka.actor.ActorCell.receiveMessage(ActorCell.scala:527)
	at akka.actor.ActorCell.invoke(ActorCell.scala:496)
	at akka.dispatch.Mailbox.processMailbox(Mailbox.scala:257)
	at akka.dispatch.Mailbox.run(Mailbox.scala:224)
	at akka.dispatch.Mailbox.exec(Mailbox.scala:234)
	at akka.dispatch.forkjoin.ForkJoinTask.doExec(ForkJoinTask.java:260)
	at akka.dispatch.forkjoin.ForkJoinPool$WorkQueue.runTask(ForkJoinPool.java:1339)
	at akka.dispatch.forkjoin.ForkJoinPool.runWorker(ForkJoinPool.java:1979)
	at akka.dispatch.forkjoin.ForkJoinWorkerThread.run(ForkJoinWorkerThread.java:107)
2017-12-18 14:14:40,852 [INFO] from application in play-dev-mode-akka.actor.default-dispatcher-4 - Shutting down connection pool.
2017-12-18 14:14:40,991 [INFO] from application in play-dev-mode-akka.actor.default-dispatcher-4 - Creating Pool for datasource 'default'
2017-12-18 14:14:40,994 [INFO] from play.api.db.DefaultDBApi in play-dev-mode-akka.actor.default-dispatcher-4 - Database [default] connected at jdbc:h2:file:~/data/db
2017-12-18 14:14:41,142 [WARN] from org.hibernate.validator.messageinterpolation.ParameterMessageInterpolator in play-dev-mode-akka.actor.default-dispatcher-4 - HV000184: ParameterMessageInterpolator has been chosen, EL interpolation will not be supported
2017-12-18 14:14:41,227 [INFO] from play.api.http.EnabledFilters in play-dev-mode-akka.actor.default-dispatcher-4 - Enabled Filters (see <https://www.playframework.com/documentation/latest/Filters>):

    play.filters.csrf.CSRFFilter
    play.filters.headers.SecurityHeadersFilter
    play.filters.hosts.AllowedHostsFilter

2017-12-18 14:14:41,228 [INFO] from play.api.Play in play-dev-mode-akka.actor.default-dispatcher-4 - Application started (Dev)
2017-12-18 14:15:03,065 [ERROR] from application in play-dev-mode-akka.actor.default-dispatcher-9 - 

! @76bj54m97 - Internal server error, for (GET) [/search?searchTerm=hello+world&searchType=Content] ->
 
play.api.http.HttpErrorHandlerExceptions$$anon$1: Execution exception[[NullPointerException: null]]
	at play.api.http.HttpErrorHandlerExceptions$.throwableToUsefulException(HttpErrorHandler.scala:255)
	at play.api.http.DefaultHttpErrorHandler.onServerError(HttpErrorHandler.scala:182)
	at play.core.server.AkkaHttpServer$$anonfun$$nestedInanonfun$executeHandler$1$1.applyOrElse(AkkaHttpServer.scala:251)
	at play.core.server.AkkaHttpServer$$anonfun$$nestedInanonfun$executeHandler$1$1.applyOrElse(AkkaHttpServer.scala:250)
	at scala.concurrent.Future.$anonfun$recoverWith$1(Future.scala:412)
	at scala.concurrent.impl.Promise.$anonfun$transformWith$1(Promise.scala:37)
	at scala.concurrent.impl.CallbackRunnable.run(Promise.scala:60)
	at play.api.libs.streams.Execution$trampoline$.execute(Execution.scala:70)
	at scala.concurrent.impl.CallbackRunnable.executeWithValue(Promise.scala:68)
	at scala.concurrent.impl.Promise$DefaultPromise.dispatchOrAddCallback(Promise.scala:312)
	at scala.concurrent.impl.Promise$DefaultPromise.onComplete(Promise.scala:303)
	at scala.concurrent.impl.Promise.transformWith(Promise.scala:36)
	at scala.concurrent.impl.Promise.transformWith$(Promise.scala:34)
	at scala.concurrent.impl.Promise$DefaultPromise.transformWith(Promise.scala:183)
	at scala.concurrent.Future.recoverWith(Future.scala:411)
	at scala.concurrent.Future.recoverWith$(Future.scala:410)
	at scala.concurrent.impl.Promise$DefaultPromise.recoverWith(Promise.scala:183)
	at play.api.libs.streams.StrictAccumulator.$anonfun$recoverWith$3(Accumulator.scala:194)
	at scala.Function1.$anonfun$andThen$1(Function1.scala:52)
	at play.api.libs.streams.StrictAccumulator.run(Accumulator.scala:207)
	at play.core.server.AkkaHttpServer.executeAction(AkkaHttpServer.scala:297)
	at play.core.server.AkkaHttpServer.executeHandler(AkkaHttpServer.scala:254)
	at play.core.server.AkkaHttpServer.handleRequest(AkkaHttpServer.scala:200)
	at play.core.server.AkkaHttpServer.$anonfun$createServerBinding$3(AkkaHttpServer.scala:106)
	at akka.stream.impl.fusing.MapAsync$$anon$23.onPush(Ops.scala:1172)
	at akka.stream.impl.fusing.GraphInterpreter.processPush(GraphInterpreter.scala:499)
	at akka.stream.impl.fusing.GraphInterpreter.processEvent(GraphInterpreter.scala:462)
	at akka.stream.impl.fusing.GraphInterpreter.execute(GraphInterpreter.scala:368)
	at akka.stream.impl.fusing.GraphInterpreterShell.runBatch(ActorGraphInterpreter.scala:571)
	at akka.stream.impl.fusing.GraphInterpreterShell$AsyncInput.execute(ActorGraphInterpreter.scala:457)
	at akka.stream.impl.fusing.GraphInterpreterShell.processEvent(ActorGraphInterpreter.scala:546)
	at akka.stream.impl.fusing.ActorGraphInterpreter.akka$stream$impl$fusing$ActorGraphInterpreter$$processEvent(ActorGraphInterpreter.scala:725)
	at akka.stream.impl.fusing.ActorGraphInterpreter$$anonfun$receive$1.applyOrElse(ActorGraphInterpreter.scala:740)
	at akka.actor.Actor.aroundReceive(Actor.scala:514)
	at akka.actor.Actor.aroundReceive$(Actor.scala:512)
	at akka.stream.impl.fusing.ActorGraphInterpreter.aroundReceive(ActorGraphInterpreter.scala:650)
	at akka.actor.ActorCell.receiveMessage(ActorCell.scala:527)
	at akka.actor.ActorCell.invoke(ActorCell.scala:496)
	at akka.dispatch.Mailbox.processMailbox(Mailbox.scala:257)
	at akka.dispatch.Mailbox.run(Mailbox.scala:224)
	at akka.dispatch.Mailbox.exec(Mailbox.scala:234)
	at akka.dispatch.forkjoin.ForkJoinTask.doExec(ForkJoinTask.java:260)
	at akka.dispatch.forkjoin.ForkJoinPool$WorkQueue.runTask(ForkJoinPool.java:1339)
	at akka.dispatch.forkjoin.ForkJoinPool.runWorker(ForkJoinPool.java:1979)
	at akka.dispatch.forkjoin.ForkJoinWorkerThread.run(ForkJoinWorkerThread.java:107)
Caused by: java.lang.NullPointerException: null
	at views.html.searchResults$.$anonfun$apply$2(searchResults.template.scala:67)
	at views.html.helper.form$.apply(form.template.scala:36)
	at views.html.searchResults$.apply(searchResults.template.scala:65)
	at views.html.searchResults$.render(searchResults.template.scala:110)
	at views.html.searchResults.render(searchResults.template.scala)
	at controllers.SearchController.searchResults(SearchController.java:138)
	at router.Routes$$anonfun$routes$1.$anonfun$applyOrElse$12(Routes.scala:414)
	at play.core.routing.HandlerInvokerFactory$$anon$3.resultCall(HandlerInvoker.scala:134)
	at play.core.routing.HandlerInvokerFactory$$anon$3.resultCall(HandlerInvoker.scala:133)
	at play.core.routing.HandlerInvokerFactory$JavaActionInvokerFactory$$anon$8$$anon$2$$anon$1.invocation(HandlerInvoker.scala:108)
	at play.core.j.JavaAction$$anon$1.call(JavaAction.scala:76)
	at play.http.DefaultActionCreator$1.call(DefaultActionCreator.java:31)
	at play.core.j.JavaAction.$anonfun$apply$2(JavaAction.scala:111)
	at scala.concurrent.Future$.$anonfun$apply$1(Future.scala:653)
	at scala.util.Success.$anonfun$map$1(Try.scala:251)
	at scala.util.Success.map(Try.scala:209)
	at scala.concurrent.Future.$anonfun$map$1(Future.scala:287)
	at scala.concurrent.impl.Promise.liftedTree1$1(Promise.scala:29)
	at scala.concurrent.impl.Promise.$anonfun$transform$1(Promise.scala:29)
	at scala.concurrent.impl.CallbackRunnable.run(Promise.scala:60)
	at play.core.j.HttpExecutionContext$$anon$2.run(HttpExecutionContext.scala:56)
	at play.api.libs.streams.Execution$trampoline$.execute(Execution.scala:70)
	at play.core.j.HttpExecutionContext.execute(HttpExecutionContext.scala:48)
	at scala.concurrent.impl.CallbackRunnable.executeWithValue(Promise.scala:68)
	at scala.concurrent.impl.Promise$KeptPromise$Kept.onComplete(Promise.scala:368)
	at scala.concurrent.impl.Promise$KeptPromise$Kept.onComplete$(Promise.scala:367)
	at scala.concurrent.impl.Promise$KeptPromise$Successful.onComplete(Promise.scala:375)
	at scala.concurrent.impl.Promise.transform(Promise.scala:29)
	at scala.concurrent.impl.Promise.transform$(Promise.scala:27)
	at scala.concurrent.impl.Promise$KeptPromise$Successful.transform(Promise.scala:375)
	at scala.concurrent.Future.map(Future.scala:287)
	at scala.concurrent.Future.map$(Future.scala:287)
	at scala.concurrent.impl.Promise$KeptPromise$Successful.map(Promise.scala:375)
	at scala.concurrent.Future$.apply(Future.scala:653)
	at play.core.j.JavaAction.apply(JavaAction.scala:111)
	at play.api.mvc.Action.$anonfun$apply$2(Action.scala:96)
	at play.api.libs.streams.StrictAccumulator.$anonfun$mapFuture$4(Accumulator.scala:174)
	at scala.util.Try$.apply(Try.scala:209)
	at play.api.libs.streams.StrictAccumulator.$anonfun$mapFuture$3(Accumulator.scala:174)
	at scala.Function1.$anonfun$andThen$1(Function1.scala:52)
	at scala.Function1.$anonfun$andThen$1(Function1.scala:52)
	... 27 common frames omitted
2017-12-18 14:15:55,170 [INFO] from application in play-dev-mode-akka.actor.default-dispatcher-10 - Shutting down connection pool.
2017-12-18 14:15:55,316 [INFO] from application in play-dev-mode-akka.actor.default-dispatcher-10 - Creating Pool for datasource 'default'
2017-12-18 14:15:55,318 [INFO] from play.api.db.DefaultDBApi in play-dev-mode-akka.actor.default-dispatcher-10 - Database [default] connected at jdbc:h2:file:~/data/db
2017-12-18 14:15:55,442 [WARN] from org.hibernate.validator.messageinterpolation.ParameterMessageInterpolator in play-dev-mode-akka.actor.default-dispatcher-10 - HV000184: ParameterMessageInterpolator has been chosen, EL interpolation will not be supported
2017-12-18 14:15:55,503 [INFO] from play.api.http.EnabledFilters in play-dev-mode-akka.actor.default-dispatcher-10 - Enabled Filters (see <https://www.playframework.com/documentation/latest/Filters>):

    play.filters.csrf.CSRFFilter
    play.filters.headers.SecurityHeadersFilter
    play.filters.hosts.AllowedHostsFilter

2017-12-18 14:15:55,503 [INFO] from play.api.Play in play-dev-mode-akka.actor.default-dispatcher-10 - Application started (Dev)
2017-12-18 14:15:57,194 [ERROR] from application in play-dev-mode-akka.actor.default-dispatcher-10 - 

! @76bj57ob5 - Internal server error, for (GET) [/search?searchTerm=hello+world&searchType=Content] ->
 
play.api.http.HttpErrorHandlerExceptions$$anon$1: Execution exception[[NullPointerException: null]]
	at play.api.http.HttpErrorHandlerExceptions$.throwableToUsefulException(HttpErrorHandler.scala:255)
	at play.api.http.DefaultHttpErrorHandler.onServerError(HttpErrorHandler.scala:182)
	at play.core.server.AkkaHttpServer$$anonfun$$nestedInanonfun$executeHandler$1$1.applyOrElse(AkkaHttpServer.scala:251)
	at play.core.server.AkkaHttpServer$$anonfun$$nestedInanonfun$executeHandler$1$1.applyOrElse(AkkaHttpServer.scala:250)
	at scala.concurrent.Future.$anonfun$recoverWith$1(Future.scala:412)
	at scala.concurrent.impl.Promise.$anonfun$transformWith$1(Promise.scala:37)
	at scala.concurrent.impl.CallbackRunnable.run(Promise.scala:60)
	at play.api.libs.streams.Execution$trampoline$.execute(Execution.scala:70)
	at scala.concurrent.impl.CallbackRunnable.executeWithValue(Promise.scala:68)
	at scala.concurrent.impl.Promise$DefaultPromise.dispatchOrAddCallback(Promise.scala:312)
	at scala.concurrent.impl.Promise$DefaultPromise.onComplete(Promise.scala:303)
	at scala.concurrent.impl.Promise.transformWith(Promise.scala:36)
	at scala.concurrent.impl.Promise.transformWith$(Promise.scala:34)
	at scala.concurrent.impl.Promise$DefaultPromise.transformWith(Promise.scala:183)
	at scala.concurrent.Future.recoverWith(Future.scala:411)
	at scala.concurrent.Future.recoverWith$(Future.scala:410)
	at scala.concurrent.impl.Promise$DefaultPromise.recoverWith(Promise.scala:183)
	at play.api.libs.streams.StrictAccumulator.$anonfun$recoverWith$3(Accumulator.scala:194)
	at scala.Function1.$anonfun$andThen$1(Function1.scala:52)
	at play.api.libs.streams.StrictAccumulator.run(Accumulator.scala:207)
	at play.core.server.AkkaHttpServer.executeAction(AkkaHttpServer.scala:297)
	at play.core.server.AkkaHttpServer.executeHandler(AkkaHttpServer.scala:254)
	at play.core.server.AkkaHttpServer.handleRequest(AkkaHttpServer.scala:200)
	at play.core.server.AkkaHttpServer.$anonfun$createServerBinding$3(AkkaHttpServer.scala:106)
	at akka.stream.impl.fusing.MapAsync$$anon$23.onPush(Ops.scala:1172)
	at akka.stream.impl.fusing.GraphInterpreter.processPush(GraphInterpreter.scala:499)
	at akka.stream.impl.fusing.GraphInterpreter.processEvent(GraphInterpreter.scala:462)
	at akka.stream.impl.fusing.GraphInterpreter.execute(GraphInterpreter.scala:368)
	at akka.stream.impl.fusing.GraphInterpreterShell.runBatch(ActorGraphInterpreter.scala:571)
	at akka.stream.impl.fusing.GraphInterpreterShell$AsyncInput.execute(ActorGraphInterpreter.scala:457)
	at akka.stream.impl.fusing.GraphInterpreterShell.processEvent(ActorGraphInterpreter.scala:546)
	at akka.stream.impl.fusing.ActorGraphInterpreter.akka$stream$impl$fusing$ActorGraphInterpreter$$processEvent(ActorGraphInterpreter.scala:725)
	at akka.stream.impl.fusing.ActorGraphInterpreter$$anonfun$receive$1.applyOrElse(ActorGraphInterpreter.scala:740)
	at akka.actor.Actor.aroundReceive(Actor.scala:514)
	at akka.actor.Actor.aroundReceive$(Actor.scala:512)
	at akka.stream.impl.fusing.ActorGraphInterpreter.aroundReceive(ActorGraphInterpreter.scala:650)
	at akka.actor.ActorCell.receiveMessage(ActorCell.scala:527)
	at akka.actor.ActorCell.invoke(ActorCell.scala:496)
	at akka.dispatch.Mailbox.processMailbox(Mailbox.scala:257)
	at akka.dispatch.Mailbox.run(Mailbox.scala:224)
	at akka.dispatch.Mailbox.exec(Mailbox.scala:234)
	at akka.dispatch.forkjoin.ForkJoinTask.doExec(ForkJoinTask.java:260)
	at akka.dispatch.forkjoin.ForkJoinPool$WorkQueue.runTask(ForkJoinPool.java:1339)
	at akka.dispatch.forkjoin.ForkJoinPool.runWorker(ForkJoinPool.java:1979)
	at akka.dispatch.forkjoin.ForkJoinWorkerThread.run(ForkJoinWorkerThread.java:107)
Caused by: java.lang.NullPointerException: null
	at views.html.searchResults$.$anonfun$apply$2(searchResults.template.scala:67)
	at views.html.helper.form$.apply(form.template.scala:36)
	at views.html.searchResults$.apply(searchResults.template.scala:65)
	at views.html.searchResults$.render(searchResults.template.scala:111)
	at views.html.searchResults.render(searchResults.template.scala)
	at controllers.SearchController.searchResults(SearchController.java:138)
	at router.Routes$$anonfun$routes$1.$anonfun$applyOrElse$12(Routes.scala:414)
	at play.core.routing.HandlerInvokerFactory$$anon$3.resultCall(HandlerInvoker.scala:134)
	at play.core.routing.HandlerInvokerFactory$$anon$3.resultCall(HandlerInvoker.scala:133)
	at play.core.routing.HandlerInvokerFactory$JavaActionInvokerFactory$$anon$8$$anon$2$$anon$1.invocation(HandlerInvoker.scala:108)
	at play.core.j.JavaAction$$anon$1.call(JavaAction.scala:76)
	at play.http.DefaultActionCreator$1.call(DefaultActionCreator.java:31)
	at play.core.j.JavaAction.$anonfun$apply$2(JavaAction.scala:111)
	at scala.concurrent.Future$.$anonfun$apply$1(Future.scala:653)
	at scala.util.Success.$anonfun$map$1(Try.scala:251)
	at scala.util.Success.map(Try.scala:209)
	at scala.concurrent.Future.$anonfun$map$1(Future.scala:287)
	at scala.concurrent.impl.Promise.liftedTree1$1(Promise.scala:29)
	at scala.concurrent.impl.Promise.$anonfun$transform$1(Promise.scala:29)
	at scala.concurrent.impl.CallbackRunnable.run(Promise.scala:60)
	at play.core.j.HttpExecutionContext$$anon$2.run(HttpExecutionContext.scala:56)
	at play.api.libs.streams.Execution$trampoline$.execute(Execution.scala:70)
	at play.core.j.HttpExecutionContext.execute(HttpExecutionContext.scala:48)
	at scala.concurrent.impl.CallbackRunnable.executeWithValue(Promise.scala:68)
	at scala.concurrent.impl.Promise$KeptPromise$Kept.onComplete(Promise.scala:368)
	at scala.concurrent.impl.Promise$KeptPromise$Kept.onComplete$(Promise.scala:367)
	at scala.concurrent.impl.Promise$KeptPromise$Successful.onComplete(Promise.scala:375)
	at scala.concurrent.impl.Promise.transform(Promise.scala:29)
	at scala.concurrent.impl.Promise.transform$(Promise.scala:27)
	at scala.concurrent.impl.Promise$KeptPromise$Successful.transform(Promise.scala:375)
	at scala.concurrent.Future.map(Future.scala:287)
	at scala.concurrent.Future.map$(Future.scala:287)
	at scala.concurrent.impl.Promise$KeptPromise$Successful.map(Promise.scala:375)
	at scala.concurrent.Future$.apply(Future.scala:653)
	at play.core.j.JavaAction.apply(JavaAction.scala:111)
	at play.api.mvc.Action.$anonfun$apply$2(Action.scala:96)
	at play.api.libs.streams.StrictAccumulator.$anonfun$mapFuture$4(Accumulator.scala:174)
	at scala.util.Try$.apply(Try.scala:209)
	at play.api.libs.streams.StrictAccumulator.$anonfun$mapFuture$3(Accumulator.scala:174)
	at scala.Function1.$anonfun$andThen$1(Function1.scala:52)
	at scala.Function1.$anonfun$andThen$1(Function1.scala:52)
	... 27 common frames omitted
2017-12-18 14:38:39,764 [INFO] from application in play-dev-mode-akka.actor.default-dispatcher-34 - Shutting down connection pool.
2017-12-18 14:38:39,914 [INFO] from application in play-dev-mode-akka.actor.default-dispatcher-34 - Creating Pool for datasource 'default'
2017-12-18 14:38:39,918 [INFO] from play.api.db.DefaultDBApi in play-dev-mode-akka.actor.default-dispatcher-34 - Database [default] connected at jdbc:h2:file:~/data/db
2017-12-18 14:38:40,068 [WARN] from org.hibernate.validator.messageinterpolation.ParameterMessageInterpolator in play-dev-mode-akka.actor.default-dispatcher-34 - HV000184: ParameterMessageInterpolator has been chosen, EL interpolation will not be supported
2017-12-18 14:38:40,145 [INFO] from play.api.http.EnabledFilters in play-dev-mode-akka.actor.default-dispatcher-34 - Enabled Filters (see <https://www.playframework.com/documentation/latest/Filters>):

    play.filters.csrf.CSRFFilter
    play.filters.headers.SecurityHeadersFilter
    play.filters.hosts.AllowedHostsFilter

2017-12-18 14:38:40,146 [INFO] from play.api.Play in play-dev-mode-akka.actor.default-dispatcher-34 - Application started (Dev)
2017-12-18 14:42:50,951 [INFO] from application in play-dev-mode-akka.actor.default-dispatcher-42 - Shutting down connection pool.
2017-12-18 14:42:51,074 [INFO] from application in play-dev-mode-akka.actor.default-dispatcher-42 - Creating Pool for datasource 'default'
2017-12-18 14:42:51,076 [INFO] from play.api.db.DefaultDBApi in play-dev-mode-akka.actor.default-dispatcher-42 - Database [default] connected at jdbc:h2:file:~/data/db
2017-12-18 14:42:51,214 [WARN] from org.hibernate.validator.messageinterpolation.ParameterMessageInterpolator in play-dev-mode-akka.actor.default-dispatcher-42 - HV000184: ParameterMessageInterpolator has been chosen, EL interpolation will not be supported
2017-12-18 14:42:51,290 [INFO] from play.api.http.EnabledFilters in play-dev-mode-akka.actor.default-dispatcher-42 - Enabled Filters (see <https://www.playframework.com/documentation/latest/Filters>):

    play.filters.csrf.CSRFFilter
    play.filters.headers.SecurityHeadersFilter
    play.filters.hosts.AllowedHostsFilter

2017-12-18 14:42:51,291 [INFO] from play.api.Play in play-dev-mode-akka.actor.default-dispatcher-42 - Application started (Dev)
2017-12-18 14:44:09,024 [INFO] from application in play-dev-mode-akka.actor.default-dispatcher-50 - Shutting down connection pool.
2017-12-18 14:44:09,211 [INFO] from application in play-dev-mode-akka.actor.default-dispatcher-50 - Creating Pool for datasource 'default'
2017-12-18 14:44:09,213 [INFO] from play.api.db.DefaultDBApi in play-dev-mode-akka.actor.default-dispatcher-50 - Database [default] connected at jdbc:h2:file:~/data/db
2017-12-18 14:44:09,312 [WARN] from org.hibernate.validator.messageinterpolation.ParameterMessageInterpolator in play-dev-mode-akka.actor.default-dispatcher-50 - HV000184: ParameterMessageInterpolator has been chosen, EL interpolation will not be supported
2017-12-18 14:44:09,378 [INFO] from play.api.http.EnabledFilters in play-dev-mode-akka.actor.default-dispatcher-50 - Enabled Filters (see <https://www.playframework.com/documentation/latest/Filters>):

    play.filters.csrf.CSRFFilter
    play.filters.headers.SecurityHeadersFilter
    play.filters.hosts.AllowedHostsFilter

2017-12-18 14:44:09,378 [INFO] from play.api.Play in play-dev-mode-akka.actor.default-dispatcher-50 - Application started (Dev)
2017-12-18 14:45:28,903 [INFO] from application in play-dev-mode-akka.actor.default-dispatcher-51 - Shutting down connection pool.
2017-12-18 14:45:29,081 [INFO] from application in play-dev-mode-akka.actor.default-dispatcher-51 - Creating Pool for datasource 'default'
2017-12-18 14:45:29,086 [INFO] from play.api.db.DefaultDBApi in play-dev-mode-akka.actor.default-dispatcher-51 - Database [default] connected at jdbc:h2:file:~/data/db
2017-12-18 14:45:29,224 [WARN] from org.hibernate.validator.messageinterpolation.ParameterMessageInterpolator in play-dev-mode-akka.actor.default-dispatcher-51 - HV000184: ParameterMessageInterpolator has been chosen, EL interpolation will not be supported
2017-12-18 14:45:29,323 [INFO] from play.api.http.EnabledFilters in play-dev-mode-akka.actor.default-dispatcher-51 - Enabled Filters (see <https://www.playframework.com/documentation/latest/Filters>):

    play.filters.csrf.CSRFFilter
    play.filters.headers.SecurityHeadersFilter
    play.filters.hosts.AllowedHostsFilter

2017-12-18 14:45:29,323 [INFO] from play.api.Play in play-dev-mode-akka.actor.default-dispatcher-51 - Application started (Dev)
2017-12-18 14:46:31,432 [INFO] from application in play-dev-mode-akka.actor.default-dispatcher-42 - Shutting down connection pool.
2017-12-18 14:46:31,557 [INFO] from application in play-dev-mode-akka.actor.default-dispatcher-42 - Creating Pool for datasource 'default'
2017-12-18 14:46:31,559 [INFO] from play.api.db.DefaultDBApi in play-dev-mode-akka.actor.default-dispatcher-42 - Database [default] connected at jdbc:h2:file:~/data/db
2017-12-18 14:46:31,683 [WARN] from org.hibernate.validator.messageinterpolation.ParameterMessageInterpolator in play-dev-mode-akka.actor.default-dispatcher-42 - HV000184: ParameterMessageInterpolator has been chosen, EL interpolation will not be supported
2017-12-18 14:46:31,735 [INFO] from play.api.http.EnabledFilters in play-dev-mode-akka.actor.default-dispatcher-42 - Enabled Filters (see <https://www.playframework.com/documentation/latest/Filters>):

    play.filters.csrf.CSRFFilter
    play.filters.headers.SecurityHeadersFilter
    play.filters.hosts.AllowedHostsFilter

2017-12-18 14:46:31,735 [INFO] from play.api.Play in play-dev-mode-akka.actor.default-dispatcher-42 - Application started (Dev)
2017-12-18 14:56:43,445 [INFO] from application in play-dev-mode-akka.actor.default-dispatcher-43 - Shutting down connection pool.
2017-12-18 14:56:43,636 [INFO] from application in play-dev-mode-akka.actor.default-dispatcher-43 - Creating Pool for datasource 'default'
2017-12-18 14:56:43,638 [INFO] from play.api.db.DefaultDBApi in play-dev-mode-akka.actor.default-dispatcher-43 - Database [default] connected at jdbc:h2:file:~/data/db
2017-12-18 14:56:43,735 [WARN] from org.hibernate.validator.messageinterpolation.ParameterMessageInterpolator in play-dev-mode-akka.actor.default-dispatcher-43 - HV000184: ParameterMessageInterpolator has been chosen, EL interpolation will not be supported
2017-12-18 14:56:43,824 [INFO] from play.api.http.EnabledFilters in play-dev-mode-akka.actor.default-dispatcher-43 - Enabled Filters (see <https://www.playframework.com/documentation/latest/Filters>):

    play.filters.csrf.CSRFFilter
    play.filters.headers.SecurityHeadersFilter
    play.filters.hosts.AllowedHostsFilter

2017-12-18 14:56:43,826 [INFO] from play.api.Play in play-dev-mode-akka.actor.default-dispatcher-43 - Application started (Dev)
2017-12-18 15:09:47,347 [INFO] from application in play-dev-mode-akka.actor.default-dispatcher-63 - Shutting down connection pool.
2017-12-18 15:09:47,470 [INFO] from application in play-dev-mode-akka.actor.default-dispatcher-63 - Creating Pool for datasource 'default'
2017-12-18 15:09:47,472 [INFO] from play.api.db.DefaultDBApi in play-dev-mode-akka.actor.default-dispatcher-63 - Database [default] connected at jdbc:h2:file:~/data/db
2017-12-18 15:09:47,588 [WARN] from org.hibernate.validator.messageinterpolation.ParameterMessageInterpolator in play-dev-mode-akka.actor.default-dispatcher-63 - HV000184: ParameterMessageInterpolator has been chosen, EL interpolation will not be supported
2017-12-18 15:09:47,631 [INFO] from play.api.http.EnabledFilters in play-dev-mode-akka.actor.default-dispatcher-63 - Enabled Filters (see <https://www.playframework.com/documentation/latest/Filters>):

    play.filters.csrf.CSRFFilter
    play.filters.headers.SecurityHeadersFilter
    play.filters.hosts.AllowedHostsFilter

2017-12-18 15:09:47,631 [INFO] from play.api.Play in play-dev-mode-akka.actor.default-dispatcher-63 - Application started (Dev)
2017-12-18 15:11:40,254 [INFO] from application in play-dev-mode-akka.actor.default-dispatcher-66 - Shutting down connection pool.
2017-12-18 15:11:40,370 [INFO] from application in play-dev-mode-akka.actor.default-dispatcher-66 - Creating Pool for datasource 'default'
2017-12-18 15:11:40,371 [INFO] from play.api.db.DefaultDBApi in play-dev-mode-akka.actor.default-dispatcher-66 - Database [default] connected at jdbc:h2:file:~/data/db
2017-12-18 15:11:40,475 [WARN] from org.hibernate.validator.messageinterpolation.ParameterMessageInterpolator in play-dev-mode-akka.actor.default-dispatcher-66 - HV000184: ParameterMessageInterpolator has been chosen, EL interpolation will not be supported
2017-12-18 15:11:40,536 [INFO] from play.api.http.EnabledFilters in play-dev-mode-akka.actor.default-dispatcher-66 - Enabled Filters (see <https://www.playframework.com/documentation/latest/Filters>):

    play.filters.csrf.CSRFFilter
    play.filters.headers.SecurityHeadersFilter
    play.filters.hosts.AllowedHostsFilter

2017-12-18 15:11:40,536 [INFO] from play.api.Play in play-dev-mode-akka.actor.default-dispatcher-66 - Application started (Dev)
2017-12-18 15:14:33,581 [INFO] from application in play-dev-mode-akka.actor.default-dispatcher-77 - Shutting down connection pool.
2017-12-18 15:14:33,694 [INFO] from application in play-dev-mode-akka.actor.default-dispatcher-77 - Creating Pool for datasource 'default'
2017-12-18 15:14:33,696 [INFO] from play.api.db.DefaultDBApi in play-dev-mode-akka.actor.default-dispatcher-77 - Database [default] connected at jdbc:h2:file:~/data/db
2017-12-18 15:14:33,806 [WARN] from org.hibernate.validator.messageinterpolation.ParameterMessageInterpolator in play-dev-mode-akka.actor.default-dispatcher-77 - HV000184: ParameterMessageInterpolator has been chosen, EL interpolation will not be supported
2017-12-18 15:14:33,848 [INFO] from play.api.http.EnabledFilters in play-dev-mode-akka.actor.default-dispatcher-77 - Enabled Filters (see <https://www.playframework.com/documentation/latest/Filters>):

    play.filters.csrf.CSRFFilter
    play.filters.headers.SecurityHeadersFilter
    play.filters.hosts.AllowedHostsFilter

2017-12-18 15:14:33,849 [INFO] from play.api.Play in play-dev-mode-akka.actor.default-dispatcher-77 - Application started (Dev)
2017-12-18 15:15:42,661 [INFO] from application in play-dev-mode-akka.actor.default-dispatcher-79 - Shutting down connection pool.
2017-12-18 15:15:42,782 [INFO] from application in play-dev-mode-akka.actor.default-dispatcher-79 - Creating Pool for datasource 'default'
2017-12-18 15:15:42,784 [INFO] from play.api.db.DefaultDBApi in play-dev-mode-akka.actor.default-dispatcher-79 - Database [default] connected at jdbc:h2:file:~/data/db
2017-12-18 15:15:42,879 [WARN] from org.hibernate.validator.messageinterpolation.ParameterMessageInterpolator in play-dev-mode-akka.actor.default-dispatcher-79 - HV000184: ParameterMessageInterpolator has been chosen, EL interpolation will not be supported
2017-12-18 15:15:42,934 [INFO] from play.api.http.EnabledFilters in play-dev-mode-akka.actor.default-dispatcher-79 - Enabled Filters (see <https://www.playframework.com/documentation/latest/Filters>):

    play.filters.csrf.CSRFFilter
    play.filters.headers.SecurityHeadersFilter
    play.filters.hosts.AllowedHostsFilter

2017-12-18 15:15:42,934 [INFO] from play.api.Play in play-dev-mode-akka.actor.default-dispatcher-79 - Application started (Dev)
2017-12-18 15:17:28,672 [INFO] from application in play-dev-mode-akka.actor.default-dispatcher-77 - Shutting down connection pool.
2017-12-18 15:17:28,815 [INFO] from application in play-dev-mode-akka.actor.default-dispatcher-77 - Creating Pool for datasource 'default'
2017-12-18 15:17:28,816 [INFO] from play.api.db.DefaultDBApi in play-dev-mode-akka.actor.default-dispatcher-77 - Database [default] connected at jdbc:h2:file:~/data/db
2017-12-18 15:17:28,895 [WARN] from org.hibernate.validator.messageinterpolation.ParameterMessageInterpolator in play-dev-mode-akka.actor.default-dispatcher-77 - HV000184: ParameterMessageInterpolator has been chosen, EL interpolation will not be supported
2017-12-18 15:17:28,933 [INFO] from play.api.http.EnabledFilters in play-dev-mode-akka.actor.default-dispatcher-77 - Enabled Filters (see <https://www.playframework.com/documentation/latest/Filters>):

    play.filters.csrf.CSRFFilter
    play.filters.headers.SecurityHeadersFilter
    play.filters.hosts.AllowedHostsFilter

2017-12-18 15:17:28,933 [INFO] from play.api.Play in play-dev-mode-akka.actor.default-dispatcher-77 - Application started (Dev)
2017-12-18 15:21:43,597 [INFO] from application in play-dev-mode-akka.actor.default-dispatcher-85 - Shutting down connection pool.
2017-12-18 15:21:43,728 [INFO] from application in play-dev-mode-akka.actor.default-dispatcher-85 - Creating Pool for datasource 'default'
2017-12-18 15:21:43,733 [INFO] from play.api.db.DefaultDBApi in play-dev-mode-akka.actor.default-dispatcher-85 - Database [default] connected at jdbc:h2:file:~/data/db
2017-12-18 15:21:43,838 [WARN] from org.hibernate.validator.messageinterpolation.ParameterMessageInterpolator in play-dev-mode-akka.actor.default-dispatcher-85 - HV000184: ParameterMessageInterpolator has been chosen, EL interpolation will not be supported
2017-12-18 15:21:43,893 [INFO] from play.api.http.EnabledFilters in play-dev-mode-akka.actor.default-dispatcher-85 - Enabled Filters (see <https://www.playframework.com/documentation/latest/Filters>):

    play.filters.csrf.CSRFFilter
    play.filters.headers.SecurityHeadersFilter
    play.filters.hosts.AllowedHostsFilter

2017-12-18 15:21:43,894 [INFO] from play.api.Play in play-dev-mode-akka.actor.default-dispatcher-85 - Application started (Dev)
2017-12-18 15:32:51,263 [INFO] from application in play-dev-mode-akka.actor.default-dispatcher-95 - Shutting down connection pool.
2017-12-18 15:32:51,334 [INFO] from application in play-dev-mode-akka.actor.default-dispatcher-95 - Creating Pool for datasource 'default'
2017-12-18 15:32:51,335 [INFO] from play.api.db.DefaultDBApi in play-dev-mode-akka.actor.default-dispatcher-95 - Database [default] connected at jdbc:h2:file:~/data/db
2017-12-18 15:32:51,426 [WARN] from org.hibernate.validator.messageinterpolation.ParameterMessageInterpolator in play-dev-mode-akka.actor.default-dispatcher-95 - HV000184: ParameterMessageInterpolator has been chosen, EL interpolation will not be supported
2017-12-18 15:32:51,474 [INFO] from play.api.http.EnabledFilters in play-dev-mode-akka.actor.default-dispatcher-95 - Enabled Filters (see <https://www.playframework.com/documentation/latest/Filters>):

    play.filters.csrf.CSRFFilter
    play.filters.headers.SecurityHeadersFilter
    play.filters.hosts.AllowedHostsFilter

2017-12-18 15:32:51,474 [INFO] from play.api.Play in play-dev-mode-akka.actor.default-dispatcher-95 - Application started (Dev)
2017-12-18 15:42:05,355 [INFO] from application in play-dev-mode-akka.actor.default-dispatcher-100 - Shutting down connection pool.
2017-12-18 15:42:05,455 [INFO] from application in play-dev-mode-akka.actor.default-dispatcher-100 - Creating Pool for datasource 'default'
2017-12-18 15:42:05,456 [INFO] from play.api.db.DefaultDBApi in play-dev-mode-akka.actor.default-dispatcher-100 - Database [default] connected at jdbc:h2:file:~/data/db
2017-12-18 15:42:05,544 [WARN] from org.hibernate.validator.messageinterpolation.ParameterMessageInterpolator in play-dev-mode-akka.actor.default-dispatcher-100 - HV000184: ParameterMessageInterpolator has been chosen, EL interpolation will not be supported
2017-12-18 15:42:05,579 [INFO] from play.api.http.EnabledFilters in play-dev-mode-akka.actor.default-dispatcher-100 - Enabled Filters (see <https://www.playframework.com/documentation/latest/Filters>):

    play.filters.csrf.CSRFFilter
    play.filters.headers.SecurityHeadersFilter
    play.filters.hosts.AllowedHostsFilter

2017-12-18 15:42:05,579 [INFO] from play.api.Play in play-dev-mode-akka.actor.default-dispatcher-100 - Application started (Dev)
2017-12-18 15:43:52,391 [INFO] from application in play-dev-mode-akka.actor.default-dispatcher-85 - Shutting down connection pool.
2017-12-18 15:43:52,501 [INFO] from application in play-dev-mode-akka.actor.default-dispatcher-85 - Creating Pool for datasource 'default'
2017-12-18 15:43:52,502 [INFO] from play.api.db.DefaultDBApi in play-dev-mode-akka.actor.default-dispatcher-85 - Database [default] connected at jdbc:h2:file:~/data/db
2017-12-18 15:43:52,626 [WARN] from org.hibernate.validator.messageinterpolation.ParameterMessageInterpolator in play-dev-mode-akka.actor.default-dispatcher-85 - HV000184: ParameterMessageInterpolator has been chosen, EL interpolation will not be supported
2017-12-18 15:43:52,669 [INFO] from play.api.http.EnabledFilters in play-dev-mode-akka.actor.default-dispatcher-85 - Enabled Filters (see <https://www.playframework.com/documentation/latest/Filters>):

    play.filters.csrf.CSRFFilter
    play.filters.headers.SecurityHeadersFilter
    play.filters.hosts.AllowedHostsFilter

2017-12-18 15:43:52,669 [INFO] from play.api.Play in play-dev-mode-akka.actor.default-dispatcher-85 - Application started (Dev)
2017-12-18 15:44:48,433 [INFO] from application in play-dev-mode-akka.actor.default-dispatcher-104 - Shutting down connection pool.
2017-12-18 15:44:48,564 [INFO] from application in play-dev-mode-akka.actor.default-dispatcher-104 - Creating Pool for datasource 'default'
2017-12-18 15:44:48,568 [INFO] from play.api.db.DefaultDBApi in play-dev-mode-akka.actor.default-dispatcher-104 - Database [default] connected at jdbc:h2:file:~/data/db
2017-12-18 15:44:48,655 [WARN] from org.hibernate.validator.messageinterpolation.ParameterMessageInterpolator in play-dev-mode-akka.actor.default-dispatcher-104 - HV000184: ParameterMessageInterpolator has been chosen, EL interpolation will not be supported
2017-12-18 15:44:48,702 [INFO] from play.api.http.EnabledFilters in play-dev-mode-akka.actor.default-dispatcher-104 - Enabled Filters (see <https://www.playframework.com/documentation/latest/Filters>):

    play.filters.csrf.CSRFFilter
    play.filters.headers.SecurityHeadersFilter
    play.filters.hosts.AllowedHostsFilter

2017-12-18 15:44:48,702 [INFO] from play.api.Play in play-dev-mode-akka.actor.default-dispatcher-104 - Application started (Dev)
2017-12-18 15:46:42,873 [INFO] from application in play-dev-mode-akka.actor.default-dispatcher-109 - Shutting down connection pool.
2017-12-18 15:46:42,962 [INFO] from application in play-dev-mode-akka.actor.default-dispatcher-109 - Creating Pool for datasource 'default'
2017-12-18 15:46:42,963 [INFO] from play.api.db.DefaultDBApi in play-dev-mode-akka.actor.default-dispatcher-109 - Database [default] connected at jdbc:h2:file:~/data/db
2017-12-18 15:46:43,032 [WARN] from org.hibernate.validator.messageinterpolation.ParameterMessageInterpolator in play-dev-mode-akka.actor.default-dispatcher-109 - HV000184: ParameterMessageInterpolator has been chosen, EL interpolation will not be supported
2017-12-18 15:46:43,063 [INFO] from play.api.http.EnabledFilters in play-dev-mode-akka.actor.default-dispatcher-109 - Enabled Filters (see <https://www.playframework.com/documentation/latest/Filters>):

    play.filters.csrf.CSRFFilter
    play.filters.headers.SecurityHeadersFilter
    play.filters.hosts.AllowedHostsFilter

2017-12-18 15:46:43,063 [INFO] from play.api.Play in play-dev-mode-akka.actor.default-dispatcher-109 - Application started (Dev)
2017-12-18 15:49:17,154 [INFO] from application in play-dev-mode-akka.actor.default-dispatcher-85 - Shutting down connection pool.
2017-12-18 15:49:17,259 [INFO] from application in play-dev-mode-akka.actor.default-dispatcher-85 - Creating Pool for datasource 'default'
2017-12-18 15:49:17,260 [INFO] from play.api.db.DefaultDBApi in play-dev-mode-akka.actor.default-dispatcher-85 - Database [default] connected at jdbc:h2:file:~/data/db
2017-12-18 15:49:17,345 [WARN] from org.hibernate.validator.messageinterpolation.ParameterMessageInterpolator in play-dev-mode-akka.actor.default-dispatcher-85 - HV000184: ParameterMessageInterpolator has been chosen, EL interpolation will not be supported
2017-12-18 15:49:17,389 [INFO] from play.api.http.EnabledFilters in play-dev-mode-akka.actor.default-dispatcher-85 - Enabled Filters (see <https://www.playframework.com/documentation/latest/Filters>):

    play.filters.csrf.CSRFFilter
    play.filters.headers.SecurityHeadersFilter
    play.filters.hosts.AllowedHostsFilter

2017-12-18 15:49:17,389 [INFO] from play.api.Play in play-dev-mode-akka.actor.default-dispatcher-85 - Application started (Dev)
2017-12-18 15:49:34,978 [INFO] from application in play-dev-mode-akka.actor.default-dispatcher-116 - Shutting down connection pool.
2017-12-18 15:49:35,103 [INFO] from application in play-dev-mode-akka.actor.default-dispatcher-116 - Creating Pool for datasource 'default'
2017-12-18 15:49:35,104 [INFO] from play.api.db.DefaultDBApi in play-dev-mode-akka.actor.default-dispatcher-116 - Database [default] connected at jdbc:h2:file:~/data/db
2017-12-18 15:49:35,203 [WARN] from org.hibernate.validator.messageinterpolation.ParameterMessageInterpolator in play-dev-mode-akka.actor.default-dispatcher-116 - HV000184: ParameterMessageInterpolator has been chosen, EL interpolation will not be supported
2017-12-18 15:49:35,263 [INFO] from play.api.http.EnabledFilters in play-dev-mode-akka.actor.default-dispatcher-116 - Enabled Filters (see <https://www.playframework.com/documentation/latest/Filters>):

    play.filters.csrf.CSRFFilter
    play.filters.headers.SecurityHeadersFilter
    play.filters.hosts.AllowedHostsFilter

2017-12-18 15:49:35,264 [INFO] from play.api.Play in play-dev-mode-akka.actor.default-dispatcher-116 - Application started (Dev)
2017-12-18 15:52:54,549 [INFO] from application in play-dev-mode-akka.actor.default-dispatcher-121 - Shutting down connection pool.
2017-12-18 15:52:54,609 [INFO] from application in play-dev-mode-akka.actor.default-dispatcher-121 - Creating Pool for datasource 'default'
2017-12-18 15:52:54,610 [INFO] from play.api.db.DefaultDBApi in play-dev-mode-akka.actor.default-dispatcher-121 - Database [default] connected at jdbc:h2:file:~/data/db
2017-12-18 15:52:54,712 [WARN] from org.hibernate.validator.messageinterpolation.ParameterMessageInterpolator in play-dev-mode-akka.actor.default-dispatcher-121 - HV000184: ParameterMessageInterpolator has been chosen, EL interpolation will not be supported
2017-12-18 15:52:54,772 [INFO] from play.api.http.EnabledFilters in play-dev-mode-akka.actor.default-dispatcher-121 - Enabled Filters (see <https://www.playframework.com/documentation/latest/Filters>):

    play.filters.csrf.CSRFFilter
    play.filters.headers.SecurityHeadersFilter
    play.filters.hosts.AllowedHostsFilter

2017-12-18 15:52:54,773 [INFO] from play.api.Play in play-dev-mode-akka.actor.default-dispatcher-121 - Application started (Dev)
2017-12-18 15:54:08,858 [INFO] from application in play-dev-mode-akka.actor.default-dispatcher-101 - Shutting down connection pool.
2017-12-18 15:54:08,933 [INFO] from application in play-dev-mode-akka.actor.default-dispatcher-101 - Creating Pool for datasource 'default'
2017-12-18 15:54:08,938 [INFO] from play.api.db.DefaultDBApi in play-dev-mode-akka.actor.default-dispatcher-101 - Database [default] connected at jdbc:h2:file:~/data/db
2017-12-18 15:54:09,022 [WARN] from org.hibernate.validator.messageinterpolation.ParameterMessageInterpolator in play-dev-mode-akka.actor.default-dispatcher-101 - HV000184: ParameterMessageInterpolator has been chosen, EL interpolation will not be supported
2017-12-18 15:54:09,070 [INFO] from play.api.http.EnabledFilters in play-dev-mode-akka.actor.default-dispatcher-101 - Enabled Filters (see <https://www.playframework.com/documentation/latest/Filters>):

    play.filters.csrf.CSRFFilter
    play.filters.headers.SecurityHeadersFilter
    play.filters.hosts.AllowedHostsFilter

2017-12-18 15:54:09,070 [INFO] from play.api.Play in play-dev-mode-akka.actor.default-dispatcher-101 - Application started (Dev)
2017-12-18 16:04:03,948 [INFO] from application in play-dev-mode-akka.actor.default-dispatcher-130 - Shutting down connection pool.
2017-12-18 16:04:04,051 [INFO] from application in play-dev-mode-akka.actor.default-dispatcher-130 - Creating Pool for datasource 'default'
2017-12-18 16:04:04,053 [INFO] from play.api.db.DefaultDBApi in play-dev-mode-akka.actor.default-dispatcher-130 - Database [default] connected at jdbc:h2:file:~/data/db
2017-12-18 16:04:04,114 [WARN] from org.hibernate.validator.messageinterpolation.ParameterMessageInterpolator in play-dev-mode-akka.actor.default-dispatcher-130 - HV000184: ParameterMessageInterpolator has been chosen, EL interpolation will not be supported
2017-12-18 16:04:04,151 [INFO] from play.api.http.EnabledFilters in play-dev-mode-akka.actor.default-dispatcher-130 - Enabled Filters (see <https://www.playframework.com/documentation/latest/Filters>):

    play.filters.csrf.CSRFFilter
    play.filters.headers.SecurityHeadersFilter
    play.filters.hosts.AllowedHostsFilter

2017-12-18 16:04:04,151 [INFO] from play.api.Play in play-dev-mode-akka.actor.default-dispatcher-130 - Application started (Dev)
2017-12-18 16:06:51,989 [INFO] from application in play-dev-mode-akka.actor.default-dispatcher-130 - Shutting down connection pool.
2017-12-18 16:06:52,061 [INFO] from application in play-dev-mode-akka.actor.default-dispatcher-130 - Creating Pool for datasource 'default'
2017-12-18 16:06:52,062 [INFO] from play.api.db.DefaultDBApi in play-dev-mode-akka.actor.default-dispatcher-130 - Database [default] connected at jdbc:h2:file:~/data/db
2017-12-18 16:06:52,132 [WARN] from org.hibernate.validator.messageinterpolation.ParameterMessageInterpolator in play-dev-mode-akka.actor.default-dispatcher-130 - HV000184: ParameterMessageInterpolator has been chosen, EL interpolation will not be supported
2017-12-18 16:06:52,162 [INFO] from play.api.http.EnabledFilters in play-dev-mode-akka.actor.default-dispatcher-130 - Enabled Filters (see <https://www.playframework.com/documentation/latest/Filters>):

    play.filters.csrf.CSRFFilter
    play.filters.headers.SecurityHeadersFilter
    play.filters.hosts.AllowedHostsFilter

2017-12-18 16:06:52,163 [INFO] from play.api.Play in play-dev-mode-akka.actor.default-dispatcher-130 - Application started (Dev)
2017-12-18 16:08:04,342 [INFO] from application in play-dev-mode-akka.actor.default-dispatcher-135 - Shutting down connection pool.
2017-12-18 16:08:04,424 [INFO] from application in play-dev-mode-akka.actor.default-dispatcher-135 - Creating Pool for datasource 'default'
2017-12-18 16:08:04,426 [INFO] from play.api.db.DefaultDBApi in play-dev-mode-akka.actor.default-dispatcher-135 - Database [default] connected at jdbc:h2:file:~/data/db
2017-12-18 16:08:04,503 [WARN] from org.hibernate.validator.messageinterpolation.ParameterMessageInterpolator in play-dev-mode-akka.actor.default-dispatcher-135 - HV000184: ParameterMessageInterpolator has been chosen, EL interpolation will not be supported
2017-12-18 16:08:04,534 [INFO] from play.api.http.EnabledFilters in play-dev-mode-akka.actor.default-dispatcher-135 - Enabled Filters (see <https://www.playframework.com/documentation/latest/Filters>):

    play.filters.csrf.CSRFFilter
    play.filters.headers.SecurityHeadersFilter
    play.filters.hosts.AllowedHostsFilter

2017-12-18 16:08:04,535 [INFO] from play.api.Play in play-dev-mode-akka.actor.default-dispatcher-135 - Application started (Dev)
2017-12-18 16:09:46,396 [INFO] from application in play-dev-mode-akka.actor.default-dispatcher-140 - Shutting down connection pool.
2017-12-18 16:09:46,476 [INFO] from application in play-dev-mode-akka.actor.default-dispatcher-140 - Creating Pool for datasource 'default'
2017-12-18 16:09:46,480 [INFO] from play.api.db.DefaultDBApi in play-dev-mode-akka.actor.default-dispatcher-140 - Database [default] connected at jdbc:h2:file:~/data/db
2017-12-18 16:09:46,556 [WARN] from org.hibernate.validator.messageinterpolation.ParameterMessageInterpolator in play-dev-mode-akka.actor.default-dispatcher-140 - HV000184: ParameterMessageInterpolator has been chosen, EL interpolation will not be supported
2017-12-18 16:09:46,591 [INFO] from play.api.http.EnabledFilters in play-dev-mode-akka.actor.default-dispatcher-140 - Enabled Filters (see <https://www.playframework.com/documentation/latest/Filters>):

    play.filters.csrf.CSRFFilter
    play.filters.headers.SecurityHeadersFilter
    play.filters.hosts.AllowedHostsFilter

2017-12-18 16:09:46,591 [INFO] from play.api.Play in play-dev-mode-akka.actor.default-dispatcher-140 - Application started (Dev)
2017-12-18 16:14:07,888 [INFO] from application in play-dev-mode-akka.actor.default-dispatcher-147 - Shutting down connection pool.
2017-12-18 16:14:07,979 [INFO] from application in play-dev-mode-akka.actor.default-dispatcher-147 - Creating Pool for datasource 'default'
2017-12-18 16:14:07,980 [INFO] from play.api.db.DefaultDBApi in play-dev-mode-akka.actor.default-dispatcher-147 - Database [default] connected at jdbc:h2:file:~/data/db
2017-12-18 16:14:08,065 [WARN] from org.hibernate.validator.messageinterpolation.ParameterMessageInterpolator in play-dev-mode-akka.actor.default-dispatcher-147 - HV000184: ParameterMessageInterpolator has been chosen, EL interpolation will not be supported
2017-12-18 16:14:08,100 [INFO] from play.api.http.EnabledFilters in play-dev-mode-akka.actor.default-dispatcher-147 - Enabled Filters (see <https://www.playframework.com/documentation/latest/Filters>):

    play.filters.csrf.CSRFFilter
    play.filters.headers.SecurityHeadersFilter
    play.filters.hosts.AllowedHostsFilter

2017-12-18 16:14:08,101 [INFO] from play.api.Play in play-dev-mode-akka.actor.default-dispatcher-147 - Application started (Dev)
2017-12-18 16:16:15,938 [INFO] from application in play-dev-mode-akka.actor.default-dispatcher-137 - Shutting down connection pool.
2017-12-18 16:16:16,002 [INFO] from application in play-dev-mode-akka.actor.default-dispatcher-137 - Creating Pool for datasource 'default'
2017-12-18 16:16:16,003 [INFO] from play.api.db.DefaultDBApi in play-dev-mode-akka.actor.default-dispatcher-137 - Database [default] connected at jdbc:h2:file:~/data/db
2017-12-18 16:16:16,074 [WARN] from org.hibernate.validator.messageinterpolation.ParameterMessageInterpolator in play-dev-mode-akka.actor.default-dispatcher-137 - HV000184: ParameterMessageInterpolator has been chosen, EL interpolation will not be supported
2017-12-18 16:16:16,106 [INFO] from play.api.http.EnabledFilters in play-dev-mode-akka.actor.default-dispatcher-137 - Enabled Filters (see <https://www.playframework.com/documentation/latest/Filters>):

    play.filters.csrf.CSRFFilter
    play.filters.headers.SecurityHeadersFilter
    play.filters.hosts.AllowedHostsFilter

2017-12-18 16:16:16,106 [INFO] from play.api.Play in play-dev-mode-akka.actor.default-dispatcher-137 - Application started (Dev)
2017-12-18 16:20:22,546 [INFO] from application in play-dev-mode-akka.actor.default-dispatcher-155 - Shutting down connection pool.
2017-12-18 16:20:22,645 [INFO] from application in play-dev-mode-akka.actor.default-dispatcher-155 - Creating Pool for datasource 'default'
2017-12-18 16:20:22,652 [INFO] from play.api.db.DefaultDBApi in play-dev-mode-akka.actor.default-dispatcher-155 - Database [default] connected at jdbc:h2:file:~/data/db
2017-12-18 16:20:22,748 [WARN] from org.hibernate.validator.messageinterpolation.ParameterMessageInterpolator in play-dev-mode-akka.actor.default-dispatcher-155 - HV000184: ParameterMessageInterpolator has been chosen, EL interpolation will not be supported
2017-12-18 16:20:22,790 [INFO] from play.api.http.EnabledFilters in play-dev-mode-akka.actor.default-dispatcher-155 - Enabled Filters (see <https://www.playframework.com/documentation/latest/Filters>):

    play.filters.csrf.CSRFFilter
    play.filters.headers.SecurityHeadersFilter
    play.filters.hosts.AllowedHostsFilter

2017-12-18 16:20:22,790 [INFO] from play.api.Play in play-dev-mode-akka.actor.default-dispatcher-155 - Application started (Dev)
2017-12-18 16:23:59,385 [INFO] from application in play-dev-mode-akka.actor.default-dispatcher-158 - Shutting down connection pool.
2017-12-18 16:23:59,447 [INFO] from application in play-dev-mode-akka.actor.default-dispatcher-158 - Creating Pool for datasource 'default'
2017-12-18 16:23:59,448 [INFO] from play.api.db.DefaultDBApi in play-dev-mode-akka.actor.default-dispatcher-158 - Database [default] connected at jdbc:h2:file:~/data/db
2017-12-18 16:23:59,542 [WARN] from org.hibernate.validator.messageinterpolation.ParameterMessageInterpolator in play-dev-mode-akka.actor.default-dispatcher-158 - HV000184: ParameterMessageInterpolator has been chosen, EL interpolation will not be supported
2017-12-18 16:23:59,592 [INFO] from play.api.http.EnabledFilters in play-dev-mode-akka.actor.default-dispatcher-158 - Enabled Filters (see <https://www.playframework.com/documentation/latest/Filters>):

    play.filters.csrf.CSRFFilter
    play.filters.headers.SecurityHeadersFilter
    play.filters.hosts.AllowedHostsFilter

2017-12-18 16:23:59,593 [INFO] from play.api.Play in play-dev-mode-akka.actor.default-dispatcher-158 - Application started (Dev)
2017-12-18 16:25:29,114 [INFO] from application in play-dev-mode-akka.actor.default-dispatcher-156 - Shutting down connection pool.
2017-12-18 16:25:29,193 [INFO] from application in play-dev-mode-akka.actor.default-dispatcher-156 - Creating Pool for datasource 'default'
2017-12-18 16:25:29,194 [INFO] from play.api.db.DefaultDBApi in play-dev-mode-akka.actor.default-dispatcher-156 - Database [default] connected at jdbc:h2:file:~/data/db
2017-12-18 16:25:29,268 [WARN] from org.hibernate.validator.messageinterpolation.ParameterMessageInterpolator in play-dev-mode-akka.actor.default-dispatcher-156 - HV000184: ParameterMessageInterpolator has been chosen, EL interpolation will not be supported
2017-12-18 16:25:29,301 [INFO] from play.api.http.EnabledFilters in play-dev-mode-akka.actor.default-dispatcher-156 - Enabled Filters (see <https://www.playframework.com/documentation/latest/Filters>):

    play.filters.csrf.CSRFFilter
    play.filters.headers.SecurityHeadersFilter
    play.filters.hosts.AllowedHostsFilter

2017-12-18 16:25:29,301 [INFO] from play.api.Play in play-dev-mode-akka.actor.default-dispatcher-156 - Application started (Dev)
2017-12-18 16:28:11,779 [INFO] from application in play-dev-mode-akka.actor.default-dispatcher-179 - Shutting down connection pool.
2017-12-18 16:28:11,887 [INFO] from application in play-dev-mode-akka.actor.default-dispatcher-179 - Creating Pool for datasource 'default'
2017-12-18 16:28:11,888 [INFO] from play.api.db.DefaultDBApi in play-dev-mode-akka.actor.default-dispatcher-179 - Database [default] connected at jdbc:h2:file:~/data/db
2017-12-18 16:28:12,005 [WARN] from org.hibernate.validator.messageinterpolation.ParameterMessageInterpolator in play-dev-mode-akka.actor.default-dispatcher-179 - HV000184: ParameterMessageInterpolator has been chosen, EL interpolation will not be supported
2017-12-18 16:28:12,058 [INFO] from play.api.http.EnabledFilters in play-dev-mode-akka.actor.default-dispatcher-179 - Enabled Filters (see <https://www.playframework.com/documentation/latest/Filters>):

    play.filters.csrf.CSRFFilter
    play.filters.headers.SecurityHeadersFilter
    play.filters.hosts.AllowedHostsFilter

2017-12-18 16:28:12,059 [INFO] from play.api.Play in play-dev-mode-akka.actor.default-dispatcher-179 - Application started (Dev)
2017-12-18 16:30:09,688 [INFO] from application in play-dev-mode-akka.actor.default-dispatcher-192 - Shutting down connection pool.
2017-12-18 16:30:09,772 [INFO] from application in play-dev-mode-akka.actor.default-dispatcher-192 - Creating Pool for datasource 'default'
2017-12-18 16:30:09,773 [INFO] from play.api.db.DefaultDBApi in play-dev-mode-akka.actor.default-dispatcher-192 - Database [default] connected at jdbc:h2:file:~/data/db
2017-12-18 16:30:09,875 [WARN] from org.hibernate.validator.messageinterpolation.ParameterMessageInterpolator in play-dev-mode-akka.actor.default-dispatcher-192 - HV000184: ParameterMessageInterpolator has been chosen, EL interpolation will not be supported
2017-12-18 16:30:09,976 [INFO] from play.api.http.EnabledFilters in play-dev-mode-akka.actor.default-dispatcher-192 - Enabled Filters (see <https://www.playframework.com/documentation/latest/Filters>):

    play.filters.csrf.CSRFFilter
    play.filters.headers.SecurityHeadersFilter
    play.filters.hosts.AllowedHostsFilter

2017-12-18 16:30:09,977 [INFO] from play.api.Play in play-dev-mode-akka.actor.default-dispatcher-192 - Application started (Dev)
2017-12-18 16:31:25,478 [INFO] from application in play-dev-mode-akka.actor.default-dispatcher-179 - Shutting down connection pool.
2017-12-18 16:31:25,565 [INFO] from application in play-dev-mode-akka.actor.default-dispatcher-179 - Creating Pool for datasource 'default'
2017-12-18 16:31:25,567 [INFO] from play.api.db.DefaultDBApi in play-dev-mode-akka.actor.default-dispatcher-179 - Database [default] connected at jdbc:h2:file:~/data/db
2017-12-18 16:31:25,646 [WARN] from org.hibernate.validator.messageinterpolation.ParameterMessageInterpolator in play-dev-mode-akka.actor.default-dispatcher-179 - HV000184: ParameterMessageInterpolator has been chosen, EL interpolation will not be supported
2017-12-18 16:31:25,701 [INFO] from play.api.http.EnabledFilters in play-dev-mode-akka.actor.default-dispatcher-179 - Enabled Filters (see <https://www.playframework.com/documentation/latest/Filters>):

    play.filters.csrf.CSRFFilter
    play.filters.headers.SecurityHeadersFilter
    play.filters.hosts.AllowedHostsFilter

2017-12-18 16:31:25,702 [INFO] from play.api.Play in play-dev-mode-akka.actor.default-dispatcher-179 - Application started (Dev)
2017-12-18 16:32:08,551 [INFO] from application in play-dev-mode-akka.actor.default-dispatcher-159 - Shutting down connection pool.
2017-12-18 16:32:08,620 [INFO] from application in play-dev-mode-akka.actor.default-dispatcher-159 - Creating Pool for datasource 'default'
2017-12-18 16:32:08,622 [INFO] from play.api.db.DefaultDBApi in play-dev-mode-akka.actor.default-dispatcher-159 - Database [default] connected at jdbc:h2:file:~/data/db
2017-12-18 16:32:08,722 [WARN] from org.hibernate.validator.messageinterpolation.ParameterMessageInterpolator in play-dev-mode-akka.actor.default-dispatcher-159 - HV000184: ParameterMessageInterpolator has been chosen, EL interpolation will not be supported
2017-12-18 16:32:08,766 [INFO] from play.api.http.EnabledFilters in play-dev-mode-akka.actor.default-dispatcher-159 - Enabled Filters (see <https://www.playframework.com/documentation/latest/Filters>):

    play.filters.csrf.CSRFFilter
    play.filters.headers.SecurityHeadersFilter
    play.filters.hosts.AllowedHostsFilter

2017-12-18 16:32:08,767 [INFO] from play.api.Play in play-dev-mode-akka.actor.default-dispatcher-159 - Application started (Dev)
2017-12-18 16:34:53,181 [INFO] from application in play-dev-mode-akka.actor.default-dispatcher-160 - Shutting down connection pool.
2017-12-18 16:34:53,262 [INFO] from application in play-dev-mode-akka.actor.default-dispatcher-160 - Creating Pool for datasource 'default'
2017-12-18 16:34:53,264 [INFO] from play.api.db.DefaultDBApi in play-dev-mode-akka.actor.default-dispatcher-160 - Database [default] connected at jdbc:h2:file:~/data/db
2017-12-18 16:34:53,436 [WARN] from org.hibernate.validator.messageinterpolation.ParameterMessageInterpolator in play-dev-mode-akka.actor.default-dispatcher-160 - HV000184: ParameterMessageInterpolator has been chosen, EL interpolation will not be supported
2017-12-18 16:34:53,490 [INFO] from play.api.http.EnabledFilters in play-dev-mode-akka.actor.default-dispatcher-160 - Enabled Filters (see <https://www.playframework.com/documentation/latest/Filters>):

    play.filters.csrf.CSRFFilter
    play.filters.headers.SecurityHeadersFilter
    play.filters.hosts.AllowedHostsFilter

2017-12-18 16:34:53,490 [INFO] from play.api.Play in play-dev-mode-akka.actor.default-dispatcher-160 - Application started (Dev)
